Vivado Simulator 2016.2
Copyright 1986-1999, 2001-2016 Xilinx, Inc. All Rights Reserved.
Running: A:/Downloads/Applications/Xilinx/Vivado/2016.2/bin/unwrapped/win64.o/xelab.exe -wto fa3af2a67d7a482ea249b8e79fe7e766 --debug typical --relax --mt 2 -L xil_defaultlib -L unisims_ver -L unimacro_ver -L secureip --snapshot MIPS_behav xil_defaultlib.MIPS xil_defaultlib.glbl -log elaborate.log 
Using 2 slave threads.
Starting static elaboration
WARNING: [VRFC 10-1783] select index 1 into Instr is out of bounds [A:/Desktop/Github/CPU/CPU_Project/CPU_Project.srcs/sources_1/new/instruction_memory.v:14]
WARNING: [VRFC 10-1783] select index 2 into Instr is out of bounds [A:/Desktop/Github/CPU/CPU_Project/CPU_Project.srcs/sources_1/new/instruction_memory.v:15]
Completed static elaboration
Starting simulation data flow analysis
WARNING: [XSIM 43-4099] "A:/Desktop/Github/CPU/CPU_Project/CPU_Project.srcs/sources_1/new/ALU.v" Line 2. Module ALU doesn't have a timescale but at least one module in design has a timescale.
WARNING: [XSIM 43-4099] "A:/Desktop/Github/CPU/CPU_Project/CPU_Project.srcs/sources_1/new/operations.v" Line 50. Module anding doesn't have a timescale but at least one module in design has a timescale.
WARNING: [XSIM 43-4099] "A:/Desktop/Github/CPU/CPU_Project/CPU_Project.srcs/sources_1/new/operations.v" Line 65. Module oring doesn't have a timescale but at least one module in design has a timescale.
WARNING: [XSIM 43-4099] "A:/Desktop/Github/CPU/CPU_Project/CPU_Project.srcs/sources_1/new/operations.v" Line 8. Module addition_default doesn't have a timescale but at least one module in design has a timescale.
WARNING: [XSIM 43-4099] "A:/Desktop/Github/CPU/CPU_Project/CPU_Project.srcs/sources_1/new/operations.v" Line 2. Module FullAdder doesn't have a timescale but at least one module in design has a timescale.
WARNING: [XSIM 43-4099] "A:/Desktop/Github/CPU/CPU_Project/CPU_Project.srcs/sources_1/new/operations.v" Line 2. Module FullAdder doesn't have a timescale but at least one module in design has a timescale.
WARNING: [XSIM 43-4099] "A:/Desktop/Github/CPU/CPU_Project/CPU_Project.srcs/sources_1/new/operations.v" Line 2. Module FullAdder doesn't have a timescale but at least one module in design has a timescale.
WARNING: [XSIM 43-4099] "A:/Desktop/Github/CPU/CPU_Project/CPU_Project.srcs/sources_1/new/operations.v" Line 2. Module FullAdder doesn't have a timescale but at least one module in design has a timescale.
WARNING: [XSIM 43-4099] "A:/Desktop/Github/CPU/CPU_Project/CPU_Project.srcs/sources_1/new/operations.v" Line 2. Module FullAdder doesn't have a timescale but at least one module in design has a timescale.
WARNING: [XSIM 43-4099] "A:/Desktop/Github/CPU/CPU_Project/CPU_Project.srcs/sources_1/new/operations.v" Line 2. Module FullAdder doesn't have a timescale but at least one module in design has a timescale.
WARNING: [XSIM 43-4099] "A:/Desktop/Github/CPU/CPU_Project/CPU_Project.srcs/sources_1/new/operations.v" Line 2. Module FullAdder doesn't have a timescale but at least one module in design has a timescale.
WARNING: [XSIM 43-4099] "A:/Desktop/Github/CPU/CPU_Project/CPU_Project.srcs/sources_1/new/operations.v" Line 2. Module FullAdder doesn't have a timescale but at least one module in design has a timescale.
WARNING: [XSIM 43-4099] "A:/Desktop/Github/CPU/CPU_Project/CPU_Project.srcs/sources_1/new/operations.v" Line 2. Module FullAdder doesn't have a timescale but at least one module in design has a timescale.
WARNING: [XSIM 43-4099] "A:/Desktop/Github/CPU/CPU_Project/CPU_Project.srcs/sources_1/new/operations.v" Line 2. Module FullAdder doesn't have a timescale but at least one module in design has a timescale.
WARNING: [XSIM 43-4099] "A:/Desktop/Github/CPU/CPU_Project/CPU_Project.srcs/sources_1/new/operations.v" Line 2. Module FullAdder doesn't have a timescale but at least one module in design has a timescale.
WARNING: [XSIM 43-4099] "A:/Desktop/Github/CPU/CPU_Project/CPU_Project.srcs/sources_1/new/operations.v" Line 2. Module FullAdder doesn't have a timescale but at least one module in design has a timescale.
WARNING: [XSIM 43-4099] "A:/Desktop/Github/CPU/CPU_Project/CPU_Project.srcs/sources_1/new/operations.v" Line 2. Module FullAdder doesn't have a timescale but at least one module in design has a timescale.
WARNING: [XSIM 43-4099] "A:/Desktop/Github/CPU/CPU_Project/CPU_Project.srcs/sources_1/new/operations.v" Line 2. Module FullAdder doesn't have a timescale but at least one module in design has a timescale.
WARNING: [XSIM 43-4099] "A:/Desktop/Github/CPU/CPU_Project/CPU_Project.srcs/sources_1/new/operations.v" Line 2. Module FullAdder doesn't have a timescale but at least one module in design has a timescale.
WARNING: [XSIM 43-4099] "A:/Desktop/Github/CPU/CPU_Project/CPU_Project.srcs/sources_1/new/operations.v" Line 2. Module FullAdder doesn't have a timescale but at least one module in design has a timescale.
WARNING: [XSIM 43-4099] "A:/Desktop/Github/CPU/CPU_Project/CPU_Project.srcs/sources_1/new/operations.v" Line 2. Module FullAdder doesn't have a timescale but at least one module in design has a timescale.
WARNING: [XSIM 43-4099] "A:/Desktop/Github/CPU/CPU_Project/CPU_Project.srcs/sources_1/new/operations.v" Line 2. Module FullAdder doesn't have a timescale but at least one module in design has a timescale.
WARNING: [XSIM 43-4099] "A:/Desktop/Github/CPU/CPU_Project/CPU_Project.srcs/sources_1/new/operations.v" Line 2. Module FullAdder doesn't have a timescale but at least one module in design has a timescale.
WARNING: [XSIM 43-4099] "A:/Desktop/Github/CPU/CPU_Project/CPU_Project.srcs/sources_1/new/operations.v" Line 2. Module FullAdder doesn't have a timescale but at least one module in design has a timescale.
WARNING: [XSIM 43-4099] "A:/Desktop/Github/CPU/CPU_Project/CPU_Project.srcs/sources_1/new/operations.v" Line 2. Module FullAdder doesn't have a timescale but at least one module in design has a timescale.
WARNING: [XSIM 43-4099] "A:/Desktop/Github/CPU/CPU_Project/CPU_Project.srcs/sources_1/new/operations.v" Line 2. Module FullAdder doesn't have a timescale but at least one module in design has a timescale.
WARNING: [XSIM 43-4099] "A:/Desktop/Github/CPU/CPU_Project/CPU_Project.srcs/sources_1/new/operations.v" Line 2. Module FullAdder doesn't have a timescale but at least one module in design has a timescale.
WARNING: [XSIM 43-4099] "A:/Desktop/Github/CPU/CPU_Project/CPU_Project.srcs/sources_1/new/operations.v" Line 2. Module FullAdder doesn't have a timescale but at least one module in design has a timescale.
WARNING: [XSIM 43-4099] "A:/Desktop/Github/CPU/CPU_Project/CPU_Project.srcs/sources_1/new/operations.v" Line 2. Module FullAdder doesn't have a timescale but at least one module in design has a timescale.
WARNING: [XSIM 43-4099] "A:/Desktop/Github/CPU/CPU_Project/CPU_Project.srcs/sources_1/new/operations.v" Line 2. Module FullAdder doesn't have a timescale but at least one module in design has a timescale.
WARNING: [XSIM 43-4099] "A:/Desktop/Github/CPU/CPU_Project/CPU_Project.srcs/sources_1/new/operations.v" Line 2. Module FullAdder doesn't have a timescale but at least one module in design has a timescale.
WARNING: [XSIM 43-4099] "A:/Desktop/Github/CPU/CPU_Project/CPU_Project.srcs/sources_1/new/operations.v" Line 2. Module FullAdder doesn't have a timescale but at least one module in design has a timescale.
WARNING: [XSIM 43-4099] "A:/Desktop/Github/CPU/CPU_Project/CPU_Project.srcs/sources_1/new/operations.v" Line 2. Module FullAdder doesn't have a timescale but at least one module in design has a timescale.
WARNING: [XSIM 43-4099] "A:/Desktop/Github/CPU/CPU_Project/CPU_Project.srcs/sources_1/new/operations.v" Line 2. Module FullAdder doesn't have a timescale but at least one module in design has a timescale.
WARNING: [XSIM 43-4099] "A:/Desktop/Github/CPU/CPU_Project/CPU_Project.srcs/sources_1/new/operations.v" Line 2. Module FullAdder doesn't have a timescale but at least one module in design has a timescale.
WARNING: [XSIM 43-4099] "A:/Desktop/Github/CPU/CPU_Project/CPU_Project.srcs/sources_1/new/operations.v" Line 2. Module FullAdder doesn't have a timescale but at least one module in design has a timescale.
WARNING: [XSIM 43-4099] "A:/Desktop/Github/CPU/CPU_Project/CPU_Project.srcs/sources_1/new/operations.v" Line 32. Module subtraction_default doesn't have a timescale but at least one module in design has a timescale.
WARNING: [XSIM 43-4099] "A:/Desktop/Github/CPU/CPU_Project/CPU_Project.srcs/sources_1/new/operations.v" Line 26. Module FullSubtractor doesn't have a timescale but at least one module in design has a timescale.
WARNING: [XSIM 43-4099] "A:/Desktop/Github/CPU/CPU_Project/CPU_Project.srcs/sources_1/new/operations.v" Line 26. Module FullSubtractor doesn't have a timescale but at least one module in design has a timescale.
WARNING: [XSIM 43-4099] "A:/Desktop/Github/CPU/CPU_Project/CPU_Project.srcs/sources_1/new/operations.v" Line 26. Module FullSubtractor doesn't have a timescale but at least one module in design has a timescale.
WARNING: [XSIM 43-4099] "A:/Desktop/Github/CPU/CPU_Project/CPU_Project.srcs/sources_1/new/operations.v" Line 26. Module FullSubtractor doesn't have a timescale but at least one module in design has a timescale.
WARNING: [XSIM 43-4099] "A:/Desktop/Github/CPU/CPU_Project/CPU_Project.srcs/sources_1/new/operations.v" Line 26. Module FullSubtractor doesn't have a timescale but at least one module in design has a timescale.
WARNING: [XSIM 43-4099] "A:/Desktop/Github/CPU/CPU_Project/CPU_Project.srcs/sources_1/new/operations.v" Line 26. Module FullSubtractor doesn't have a timescale but at least one module in design has a timescale.
WARNING: [XSIM 43-4099] "A:/Desktop/Github/CPU/CPU_Project/CPU_Project.srcs/sources_1/new/operations.v" Line 26. Module FullSubtractor doesn't have a timescale but at least one module in design has a timescale.
WARNING: [XSIM 43-4099] "A:/Desktop/Github/CPU/CPU_Project/CPU_Project.srcs/sources_1/new/operations.v" Line 26. Module FullSubtractor doesn't have a timescale but at least one module in design has a timescale.
WARNING: [XSIM 43-4099] "A:/Desktop/Github/CPU/CPU_Project/CPU_Project.srcs/sources_1/new/operations.v" Line 26. Module FullSubtractor doesn't have a timescale but at least one module in design has a timescale.
WARNING: [XSIM 43-4099] "A:/Desktop/Github/CPU/CPU_Project/CPU_Project.srcs/sources_1/new/operations.v" Line 26. Module FullSubtractor doesn't have a timescale but at least one module in design has a timescale.
WARNING: [XSIM 43-4099] "A:/Desktop/Github/CPU/CPU_Project/CPU_Project.srcs/sources_1/new/operations.v" Line 26. Module FullSubtractor doesn't have a timescale but at least one module in design has a timescale.
WARNING: [XSIM 43-4099] "A:/Desktop/Github/CPU/CPU_Project/CPU_Project.srcs/sources_1/new/operations.v" Line 26. Module FullSubtractor doesn't have a timescale but at least one module in design has a timescale.
WARNING: [XSIM 43-4099] "A:/Desktop/Github/CPU/CPU_Project/CPU_Project.srcs/sources_1/new/operations.v" Line 26. Module FullSubtractor doesn't have a timescale but at least one module in design has a timescale.
WARNING: [XSIM 43-4099] "A:/Desktop/Github/CPU/CPU_Project/CPU_Project.srcs/sources_1/new/operations.v" Line 26. Module FullSubtractor doesn't have a timescale but at least one module in design has a timescale.
WARNING: [XSIM 43-4099] "A:/Desktop/Github/CPU/CPU_Project/CPU_Project.srcs/sources_1/new/operations.v" Line 26. Module FullSubtractor doesn't have a timescale but at least one module in design has a timescale.
WARNING: [XSIM 43-4099] "A:/Desktop/Github/CPU/CPU_Project/CPU_Project.srcs/sources_1/new/operations.v" Line 26. Module FullSubtractor doesn't have a timescale but at least one module in design has a timescale.
WARNING: [XSIM 43-4099] "A:/Desktop/Github/CPU/CPU_Project/CPU_Project.srcs/sources_1/new/operations.v" Line 26. Module FullSubtractor doesn't have a timescale but at least one module in design has a timescale.
WARNING: [XSIM 43-4099] "A:/Desktop/Github/CPU/CPU_Project/CPU_Project.srcs/sources_1/new/operations.v" Line 26. Module FullSubtractor doesn't have a timescale but at least one module in design has a timescale.
WARNING: [XSIM 43-4099] "A:/Desktop/Github/CPU/CPU_Project/CPU_Project.srcs/sources_1/new/operations.v" Line 26. Module FullSubtractor doesn't have a timescale but at least one module in design has a timescale.
WARNING: [XSIM 43-4099] "A:/Desktop/Github/CPU/CPU_Project/CPU_Project.srcs/sources_1/new/operations.v" Line 26. Module FullSubtractor doesn't have a timescale but at least one module in design has a timescale.
WARNING: [XSIM 43-4099] "A:/Desktop/Github/CPU/CPU_Project/CPU_Project.srcs/sources_1/new/operations.v" Line 26. Module FullSubtractor doesn't have a timescale but at least one module in design has a timescale.
WARNING: [XSIM 43-4099] "A:/Desktop/Github/CPU/CPU_Project/CPU_Project.srcs/sources_1/new/operations.v" Line 26. Module FullSubtractor doesn't have a timescale but at least one module in design has a timescale.
WARNING: [XSIM 43-4099] "A:/Desktop/Github/CPU/CPU_Project/CPU_Project.srcs/sources_1/new/operations.v" Line 26. Module FullSubtractor doesn't have a timescale but at least one module in design has a timescale.
WARNING: [XSIM 43-4099] "A:/Desktop/Github/CPU/CPU_Project/CPU_Project.srcs/sources_1/new/operations.v" Line 26. Module FullSubtractor doesn't have a timescale but at least one module in design has a timescale.
WARNING: [XSIM 43-4099] "A:/Desktop/Github/CPU/CPU_Project/CPU_Project.srcs/sources_1/new/operations.v" Line 26. Module FullSubtractor doesn't have a timescale but at least one module in design has a timescale.
WARNING: [XSIM 43-4099] "A:/Desktop/Github/CPU/CPU_Project/CPU_Project.srcs/sources_1/new/operations.v" Line 26. Module FullSubtractor doesn't have a timescale but at least one module in design has a timescale.
WARNING: [XSIM 43-4099] "A:/Desktop/Github/CPU/CPU_Project/CPU_Project.srcs/sources_1/new/operations.v" Line 26. Module FullSubtractor doesn't have a timescale but at least one module in design has a timescale.
WARNING: [XSIM 43-4099] "A:/Desktop/Github/CPU/CPU_Project/CPU_Project.srcs/sources_1/new/operations.v" Line 26. Module FullSubtractor doesn't have a timescale but at least one module in design has a timescale.
WARNING: [XSIM 43-4099] "A:/Desktop/Github/CPU/CPU_Project/CPU_Project.srcs/sources_1/new/operations.v" Line 26. Module FullSubtractor doesn't have a timescale but at least one module in design has a timescale.
WARNING: [XSIM 43-4099] "A:/Desktop/Github/CPU/CPU_Project/CPU_Project.srcs/sources_1/new/operations.v" Line 26. Module FullSubtractor doesn't have a timescale but at least one module in design has a timescale.
WARNING: [XSIM 43-4099] "A:/Desktop/Github/CPU/CPU_Project/CPU_Project.srcs/sources_1/new/operations.v" Line 26. Module FullSubtractor doesn't have a timescale but at least one module in design has a timescale.
WARNING: [XSIM 43-4099] "A:/Desktop/Github/CPU/CPU_Project/CPU_Project.srcs/sources_1/new/operations.v" Line 26. Module FullSubtractor doesn't have a timescale but at least one module in design has a timescale.
WARNING: [XSIM 43-3980] File "A:/Desktop/Github/CPU/CPU_Project/CPU_Project.srcs/sources_1/new/instruction_memory.v" Line 19 : The "System Verilog : Sensitivity on Associative Array" is not supported yet for simulation.
WARNING: [XSIM 43-4099] "A:/Desktop/Github/CPU/CPU_Project/CPU_Project.srcs/sources_1/new/ALU.v" Line 2. Module ALU doesn't have a timescale but at least one module in design has a timescale.
WARNING: [XSIM 43-4099] "A:/Desktop/Github/CPU/CPU_Project/CPU_Project.srcs/sources_1/new/operations.v" Line 50. Module anding doesn't have a timescale but at least one module in design has a timescale.
WARNING: [XSIM 43-4099] "A:/Desktop/Github/CPU/CPU_Project/CPU_Project.srcs/sources_1/new/operations.v" Line 65. Module oring doesn't have a timescale but at least one module in design has a timescale.
WARNING: [XSIM 43-4099] "A:/Desktop/Github/CPU/CPU_Project/CPU_Project.srcs/sources_1/new/operations.v" Line 8. Module addition_default doesn't have a timescale but at least one module in design has a timescale.
WARNING: [XSIM 43-4099] "A:/Desktop/Github/CPU/CPU_Project/CPU_Project.srcs/sources_1/new/operations.v" Line 2. Module FullAdder doesn't have a timescale but at least one module in design has a timescale.
WARNING: [XSIM 43-4099] "A:/Desktop/Github/CPU/CPU_Project/CPU_Project.srcs/sources_1/new/operations.v" Line 2. Module FullAdder doesn't have a timescale but at least one module in design has a timescale.
WARNING: [XSIM 43-4099] "A:/Desktop/Github/CPU/CPU_Project/CPU_Project.srcs/sources_1/new/operations.v" Line 2. Module FullAdder doesn't have a timescale but at least one module in design has a timescale.
WARNING: [XSIM 43-4099] "A:/Desktop/Github/CPU/CPU_Project/CPU_Project.srcs/sources_1/new/operations.v" Line 2. Module FullAdder doesn't have a timescale but at least one module in design has a timescale.
WARNING: [XSIM 43-4099] "A:/Desktop/Github/CPU/CPU_Project/CPU_Project.srcs/sources_1/new/operations.v" Line 2. Module FullAdder doesn't have a timescale but at least one module in design has a timescale.
WARNING: [XSIM 43-4099] "A:/Desktop/Github/CPU/CPU_Project/CPU_Project.srcs/sources_1/new/operations.v" Line 2. Module FullAdder doesn't have a timescale but at least one module in design has a timescale.
WARNING: [XSIM 43-4099] "A:/Desktop/Github/CPU/CPU_Project/CPU_Project.srcs/sources_1/new/operations.v" Line 2. Module FullAdder doesn't have a timescale but at least one module in design has a timescale.
WARNING: [XSIM 43-4099] "A:/Desktop/Github/CPU/CPU_Project/CPU_Project.srcs/sources_1/new/operations.v" Line 2. Module FullAdder doesn't have a timescale but at least one module in design has a timescale.
WARNING: [XSIM 43-4099] "A:/Desktop/Github/CPU/CPU_Project/CPU_Project.srcs/sources_1/new/operations.v" Line 2. Module FullAdder doesn't have a timescale but at least one module in design has a timescale.
WARNING: [XSIM 43-4099] "A:/Desktop/Github/CPU/CPU_Project/CPU_Project.srcs/sources_1/new/operations.v" Line 2. Module FullAdder doesn't have a timescale but at least one module in design has a timescale.
WARNING: [XSIM 43-4099] "A:/Desktop/Github/CPU/CPU_Project/CPU_Project.srcs/sources_1/new/operations.v" Line 2. Module FullAdder doesn't have a timescale but at least one module in design has a timescale.
WARNING: [XSIM 43-4099] "A:/Desktop/Github/CPU/CPU_Project/CPU_Project.srcs/sources_1/new/operations.v" Line 2. Module FullAdder doesn't have a timescale but at least one module in design has a timescale.
WARNING: [XSIM 43-4099] "A:/Desktop/Github/CPU/CPU_Project/CPU_Project.srcs/sources_1/new/operations.v" Line 2. Module FullAdder doesn't have a timescale but at least one module in design has a timescale.
WARNING: [XSIM 43-4099] "A:/Desktop/Github/CPU/CPU_Project/CPU_Project.srcs/sources_1/new/operations.v" Line 2. Module FullAdder doesn't have a timescale but at least one module in design has a timescale.
WARNING: [XSIM 43-4099] "A:/Desktop/Github/CPU/CPU_Project/CPU_Project.srcs/sources_1/new/operations.v" Line 2. Module FullAdder doesn't have a timescale but at least one module in design has a timescale.
WARNING: [XSIM 43-4099] "A:/Desktop/Github/CPU/CPU_Project/CPU_Project.srcs/sources_1/new/operations.v" Line 2. Module FullAdder doesn't have a timescale but at least one module in design has a timescale.
WARNING: [XSIM 43-4099] "A:/Desktop/Github/CPU/CPU_Project/CPU_Project.srcs/sources_1/new/operations.v" Line 2. Module FullAdder doesn't have a timescale but at least one module in design has a timescale.
WARNING: [XSIM 43-4099] "A:/Desktop/Github/CPU/CPU_Project/CPU_Project.srcs/sources_1/new/operations.v" Line 2. Module FullAdder doesn't have a timescale but at least one module in design has a timescale.
WARNING: [XSIM 43-4099] "A:/Desktop/Github/CPU/CPU_Project/CPU_Project.srcs/sources_1/new/operations.v" Line 2. Module FullAdder doesn't have a timescale but at least one module in design has a timescale.
WARNING: [XSIM 43-4099] "A:/Desktop/Github/CPU/CPU_Project/CPU_Project.srcs/sources_1/new/operations.v" Line 2. Module FullAdder doesn't have a timescale but at least one module in design has a timescale.
WARNING: [XSIM 43-4099] "A:/Desktop/Github/CPU/CPU_Project/CPU_Project.srcs/sources_1/new/operations.v" Line 2. Module FullAdder doesn't have a timescale but at least one module in design has a timescale.
WARNING: [XSIM 43-4099] "A:/Desktop/Github/CPU/CPU_Project/CPU_Project.srcs/sources_1/new/operations.v" Line 2. Module FullAdder doesn't have a timescale but at least one module in design has a timescale.
WARNING: [XSIM 43-4099] "A:/Desktop/Github/CPU/CPU_Project/CPU_Project.srcs/sources_1/new/operations.v" Line 2. Module FullAdder doesn't have a timescale but at least one module in design has a timescale.
WARNING: [XSIM 43-4099] "A:/Desktop/Github/CPU/CPU_Project/CPU_Project.srcs/sources_1/new/operations.v" Line 2. Module FullAdder doesn't have a timescale but at least one module in design has a timescale.
WARNING: [XSIM 43-4099] "A:/Desktop/Github/CPU/CPU_Project/CPU_Project.srcs/sources_1/new/operations.v" Line 2. Module FullAdder doesn't have a timescale but at least one module in design has a timescale.
WARNING: [XSIM 43-4099] "A:/Desktop/Github/CPU/CPU_Project/CPU_Project.srcs/sources_1/new/operations.v" Line 2. Module FullAdder doesn't have a timescale but at least one module in design has a timescale.
WARNING: [XSIM 43-4099] "A:/Desktop/Github/CPU/CPU_Project/CPU_Project.srcs/sources_1/new/operations.v" Line 2. Module FullAdder doesn't have a timescale but at least one module in design has a timescale.
WARNING: [XSIM 43-4099] "A:/Desktop/Github/CPU/CPU_Project/CPU_Project.srcs/sources_1/new/operations.v" Line 2. Module FullAdder doesn't have a timescale but at least one module in design has a timescale.
WARNING: [XSIM 43-4099] "A:/Desktop/Github/CPU/CPU_Project/CPU_Project.srcs/sources_1/new/operations.v" Line 2. Module FullAdder doesn't have a timescale but at least one module in design has a timescale.
WARNING: [XSIM 43-4099] "A:/Desktop/Github/CPU/CPU_Project/CPU_Project.srcs/sources_1/new/operations.v" Line 2. Module FullAdder doesn't have a timescale but at least one module in design has a timescale.
WARNING: [XSIM 43-4099] "A:/Desktop/Github/CPU/CPU_Project/CPU_Project.srcs/sources_1/new/operations.v" Line 2. Module FullAdder doesn't have a timescale but at least one module in design has a timescale.
WARNING: [XSIM 43-4099] "A:/Desktop/Github/CPU/CPU_Project/CPU_Project.srcs/sources_1/new/operations.v" Line 2. Module FullAdder doesn't have a timescale but at least one module in design has a timescale.
WARNING: [XSIM 43-4099] "A:/Desktop/Github/CPU/CPU_Project/CPU_Project.srcs/sources_1/new/operations.v" Line 32. Module subtraction_default doesn't have a timescale but at least one module in design has a timescale.
WARNING: [XSIM 43-4099] "A:/Desktop/Github/CPU/CPU_Project/CPU_Project.srcs/sources_1/new/operations.v" Line 26. Module FullSubtractor doesn't have a timescale but at least one module in design has a timescale.
WARNING: [XSIM 43-4099] "A:/Desktop/Github/CPU/CPU_Project/CPU_Project.srcs/sources_1/new/operations.v" Line 26. Module FullSubtractor doesn't have a timescale but at least one module in design has a timescale.
WARNING: [XSIM 43-4099] "A:/Desktop/Github/CPU/CPU_Project/CPU_Project.srcs/sources_1/new/operations.v" Line 26. Module FullSubtractor doesn't have a timescale but at least one module in design has a timescale.
WARNING: [XSIM 43-4099] "A:/Desktop/Github/CPU/CPU_Project/CPU_Project.srcs/sources_1/new/operations.v" Line 26. Module FullSubtractor doesn't have a timescale but at least one module in design has a timescale.
WARNING: [XSIM 43-4099] "A:/Desktop/Github/CPU/CPU_Project/CPU_Project.srcs/sources_1/new/operations.v" Line 26. Module FullSubtractor doesn't have a timescale but at least one module in design has a timescale.
WARNING: [XSIM 43-4099] "A:/Desktop/Github/CPU/CPU_Project/CPU_Project.srcs/sources_1/new/operations.v" Line 26. Module FullSubtractor doesn't have a timescale but at least one module in design has a timescale.
WARNING: [XSIM 43-4099] "A:/Desktop/Github/CPU/CPU_Project/CPU_Project.srcs/sources_1/new/operations.v" Line 26. Module FullSubtractor doesn't have a timescale but at least one module in design has a timescale.
WARNING: [XSIM 43-4099] "A:/Desktop/Github/CPU/CPU_Project/CPU_Project.srcs/sources_1/new/operations.v" Line 26. Module FullSubtractor doesn't have a timescale but at least one module in design has a timescale.
WARNING: [XSIM 43-4099] "A:/Desktop/Github/CPU/CPU_Project/CPU_Project.srcs/sources_1/new/operations.v" Line 26. Module FullSubtractor doesn't have a timescale but at least one module in design has a timescale.
WARNING: [XSIM 43-4099] "A:/Desktop/Github/CPU/CPU_Project/CPU_Project.srcs/sources_1/new/operations.v" Line 26. Module FullSubtractor doesn't have a timescale but at least one module in design has a timescale.
WARNING: [XSIM 43-4099] "A:/Desktop/Github/CPU/CPU_Project/CPU_Project.srcs/sources_1/new/operations.v" Line 26. Module FullSubtractor doesn't have a timescale but at least one module in design has a timescale.
WARNING: [XSIM 43-4099] "A:/Desktop/Github/CPU/CPU_Project/CPU_Project.srcs/sources_1/new/operations.v" Line 26. Module FullSubtractor doesn't have a timescale but at least one module in design has a timescale.
WARNING: [XSIM 43-4099] "A:/Desktop/Github/CPU/CPU_Project/CPU_Project.srcs/sources_1/new/operations.v" Line 26. Module FullSubtractor doesn't have a timescale but at least one module in design has a timescale.
WARNING: [XSIM 43-4099] "A:/Desktop/Github/CPU/CPU_Project/CPU_Project.srcs/sources_1/new/operations.v" Line 26. Module FullSubtractor doesn't have a timescale but at least one module in design has a timescale.
WARNING: [XSIM 43-4099] "A:/Desktop/Github/CPU/CPU_Project/CPU_Project.srcs/sources_1/new/operations.v" Line 26. Module FullSubtractor doesn't have a timescale but at least one module in design has a timescale.
WARNING: [XSIM 43-4099] "A:/Desktop/Github/CPU/CPU_Project/CPU_Project.srcs/sources_1/new/operations.v" Line 26. Module FullSubtractor doesn't have a timescale but at least one module in design has a timescale.
WARNING: [XSIM 43-4099] "A:/Desktop/Github/CPU/CPU_Project/CPU_Project.srcs/sources_1/new/operations.v" Line 26. Module FullSubtractor doesn't have a timescale but at least one module in design has a timescale.
WARNING: [XSIM 43-4099] "A:/Desktop/Github/CPU/CPU_Project/CPU_Project.srcs/sources_1/new/operations.v" Line 26. Module FullSubtractor doesn't have a timescale but at least one module in design has a timescale.
WARNING: [XSIM 43-4099] "A:/Desktop/Github/CPU/CPU_Project/CPU_Project.srcs/sources_1/new/operations.v" Line 26. Module FullSubtractor doesn't have a timescale but at least one module in design has a timescale.
WARNING: [XSIM 43-4099] "A:/Desktop/Github/CPU/CPU_Project/CPU_Project.srcs/sources_1/new/operations.v" Line 26. Module FullSubtractor doesn't have a timescale but at least one module in design has a timescale.
WARNING: [XSIM 43-4099] "A:/Desktop/Github/CPU/CPU_Project/CPU_Project.srcs/sources_1/new/operations.v" Line 26. Module FullSubtractor doesn't have a timescale but at least one module in design has a timescale.
WARNING: [XSIM 43-4099] "A:/Desktop/Github/CPU/CPU_Project/CPU_Project.srcs/sources_1/new/operations.v" Line 26. Module FullSubtractor doesn't have a timescale but at least one module in design has a timescale.
WARNING: [XSIM 43-4099] "A:/Desktop/Github/CPU/CPU_Project/CPU_Project.srcs/sources_1/new/operations.v" Line 26. Module FullSubtractor doesn't have a timescale but at least one module in design has a timescale.
WARNING: [XSIM 43-4099] "A:/Desktop/Github/CPU/CPU_Project/CPU_Project.srcs/sources_1/new/operations.v" Line 26. Module FullSubtractor doesn't have a timescale but at least one module in design has a timescale.
WARNING: [XSIM 43-4099] "A:/Desktop/Github/CPU/CPU_Project/CPU_Project.srcs/sources_1/new/operations.v" Line 26. Module FullSubtractor doesn't have a timescale but at least one module in design has a timescale.
WARNING: [XSIM 43-4099] "A:/Desktop/Github/CPU/CPU_Project/CPU_Project.srcs/sources_1/new/operations.v" Line 26. Module FullSubtractor doesn't have a timescale but at least one module in design has a timescale.
WARNING: [XSIM 43-4099] "A:/Desktop/Github/CPU/CPU_Project/CPU_Project.srcs/sources_1/new/operations.v" Line 26. Module FullSubtractor doesn't have a timescale but at least one module in design has a timescale.
WARNING: [XSIM 43-4099] "A:/Desktop/Github/CPU/CPU_Project/CPU_Project.srcs/sources_1/new/operations.v" Line 26. Module FullSubtractor doesn't have a timescale but at least one module in design has a timescale.
WARNING: [XSIM 43-4099] "A:/Desktop/Github/CPU/CPU_Project/CPU_Project.srcs/sources_1/new/operations.v" Line 26. Module FullSubtractor doesn't have a timescale but at least one module in design has a timescale.
WARNING: [XSIM 43-4099] "A:/Desktop/Github/CPU/CPU_Project/CPU_Project.srcs/sources_1/new/operations.v" Line 26. Module FullSubtractor doesn't have a timescale but at least one module in design has a timescale.
WARNING: [XSIM 43-4099] "A:/Desktop/Github/CPU/CPU_Project/CPU_Project.srcs/sources_1/new/operations.v" Line 26. Module FullSubtractor doesn't have a timescale but at least one module in design has a timescale.
WARNING: [XSIM 43-4099] "A:/Desktop/Github/CPU/CPU_Project/CPU_Project.srcs/sources_1/new/operations.v" Line 26. Module FullSubtractor doesn't have a timescale but at least one module in design has a timescale.
Completed simulation data flow analysis
Time Resolution for simulation is 1ps
Compiling module xil_defaultlib.program_counter
Compiling module xil_defaultlib.instruction_memory
Compiling module xil_defaultlib.anding
Compiling module xil_defaultlib.oring
Compiling module xil_defaultlib.FullAdder
Compiling module xil_defaultlib.addition_default
Compiling module xil_defaultlib.FullSubtractor
Compiling module xil_defaultlib.subtraction_default
Compiling module xil_defaultlib.ALU
Compiling module xil_defaultlib.MIPS
Compiling module xil_defaultlib.glbl
Built simulation snapshot MIPS_behav
