Unable to capture context for thread 12852 in process 12684, can not generate back trace
Unable to capture context for thread 9032 in process 12684, can not generate back trace
Unable to capture context for thread 8048 in process 12684, can not generate back trace
Unable to capture context for thread 8 in process 12684, can not generate back trace
Unable to capture context for thread 6308 in process 12684, can not generate back trace
Unable to capture context for thread 7516 in process 12684, can not generate back trace
Exception at PC 0x00007FFFCBE04F69
Unable to capture context for thread 15264 in process 12684, can not generate back trace
Unable to capture context for thread 12088 in process 12684, can not generate back trace
Unable to capture context for thread 7968 in process 12684, can not generate back trace
Exception at PC 0x00007FFFCBE04F69
Unable to capture context for thread 7968 in process 12684, can not generate back trace
Exception at PC 0x00007FFF88B7BB93
Printing stacktrace...

Exception at PC 0x00007FFFCBE04F69
Exception at PC 0x00007FFFCBE04F69
Exception at PC 0x00007FFFCBE04F69
Exception at PC 0x00007FFFCBE04F69
Exception at PC 0x00007FFFCBE04F69
Exception at PC 0x00007FFFCBE04F69
Exception at PC 0x00007FFFCBE04F69
Exception at PC 0x00007FFFCBE04F69
Exception at PC 0x00007FFFCBE04F69
Exception at PC 0x00007FFFCBE04F69
Exception at PC 0x00007FFFCBE04F69
Exception at PC 0x00007FFFCBE04F69
[0]  [0x00007FFF88B7BB93]
[1]  [0x00007FFF88B7BB93]
[2]  [0x00007FFF88B7B4A1]
[3]  [0x00007FFF88B7B3EF]
[4]  [0x00007FFF88B619FE]
[5]  [0x00007FFF88B60ED1]
[6]  [0x00007FFF88B60D76]
[7]  [0x00007FFF88B079F6]
[8]  [0x00007FFF88AF7AFB]
[9]  [0x00007FFF88C1E90A]
[10]  [0x00007FFF88C39F87]
[11]  [0x00007FFF88C3A05F]
[12] (BaseThreadInitThunk+0x14) [0x00007FFFCE1A7034]
[13] (RtlUserThreadStart+0x21) [0x00007FFFCE702651]
Done
Exception at PC 0x00007FFFCBE04F69
Exception at PC 0x00007FFFCBE04F69
Exception at PC 0x00007FFFCBE04F69
Exception at PC 0x00007FFFCBE04F69
