#-----------------------------------------------------------
# Vivado v2016.2 (64-bit)
# SW Build 1577090 on Thu Jun  2 16:32:40 MDT 2016
# IP Build 1577682 on Fri Jun  3 12:00:54 MDT 2016
# Start of session at: Wed Jun 01 11:08:39 2022
# Process ID: 9288
# Current directory: C:/Users/SURFACE/Desktop/GitHub/CPU/CPU_Project
# Command line: vivado.exe -gui_launcher_event rodinguilauncherevent3104 C:\Users\SURFACE\Desktop\GitHub\CPU\CPU_Project\CPU_Project.xpr
# Log file: C:/Users/SURFACE/Desktop/GitHub/CPU/CPU_Project/vivado.log
# Journal file: C:/Users/SURFACE/Desktop/GitHub/CPU/CPU_Project\vivado.jou
#-----------------------------------------------------------
start_gui
open_project C:/Users/SURFACE/Desktop/GitHub/CPU/CPU_Project/CPU_Project.xpr
Scanning sources...
Finished scanning sources
INFO: [IP_Flow 19-234] Refreshing IP repositories
INFO: [IP_Flow 19-1704] No user IP repositories specified
INFO: [IP_Flow 19-2313] Loaded Vivado IP repository 'D:/Programs/Xilinx_Vivado/Xilinx/Vivado/2016.2/data/ip'.
open_project: Time (s): cpu = 00:00:14 ; elapsed = 00:00:13 . Memory (MB): peak = 816.102 ; gain = 152.813
update_compile_order -fileset sources_1
launch_simulation
INFO: [USF-XSim-27] Simulation object is 'sim_1'
INFO: [USF-XSim-37] Inspecting design source files for 'MIPS' in fileset 'sim_1'...
INFO: [USF-XSim-97] Finding global include files...
INFO: [USF-XSim-98] Fetching design files from 'sim_1'...
INFO: [USF-XSim-2] XSim::Compile design
INFO: [USF-XSim-61] Executing 'COMPILE and ANALYZE' step in 'C:/Users/SURFACE/Desktop/GitHub/CPU/CPU_Project/CPU_Project.sim/sim_1/behav'
"xvlog -m64 --relax -prj MIPS_vlog.prj"
INFO: [VRFC 10-2263] Analyzing Verilog file "C:/Users/SURFACE/Desktop/GitHub/CPU/CPU_Project/CPU_Project.srcs/sources_1/new/program_counter.v" into library xil_defaultlib
INFO: [VRFC 10-311] analyzing module program_counter
INFO: [VRFC 10-2263] Analyzing Verilog file "C:/Users/SURFACE/Desktop/GitHub/CPU/CPU_Project/CPU_Project.srcs/sources_1/new/instruction_memory.v" into library xil_defaultlib
INFO: [VRFC 10-311] analyzing module instruction_memory
INFO: [VRFC 10-2263] Analyzing Verilog file "C:/Users/SURFACE/Desktop/GitHub/CPU/CPU_Project/CPU_Project.srcs/sources_1/new/MIPS.v" into library xil_defaultlib
INFO: [VRFC 10-311] analyzing module MIPS
INFO: [VRFC 10-2263] Analyzing Verilog file "C:/Users/SURFACE/Desktop/GitHub/CPU/CPU_Project/CPU_Project.sim/sim_1/behav/glbl.v" into library xil_defaultlib
INFO: [VRFC 10-311] analyzing module glbl
INFO: [USF-XSim-69] 'compile' step finished in '3' seconds
INFO: [USF-XSim-3] XSim::Elaborate design
INFO: [USF-XSim-61] Executing 'ELABORATE' step in 'C:/Users/SURFACE/Desktop/GitHub/CPU/CPU_Project/CPU_Project.sim/sim_1/behav'
Vivado Simulator 2016.2
Copyright 1986-1999, 2001-2016 Xilinx, Inc. All Rights Reserved.
Running: D:/Programs/Xilinx_Vivado/Xilinx/Vivado/2016.2/bin/unwrapped/win64.o/xelab.exe -wto fa3af2a67d7a482ea249b8e79fe7e766 --debug typical --relax --mt 2 -L xil_defaultlib -L unisims_ver -L unimacro_ver -L secureip --snapshot MIPS_behav xil_defaultlib.MIPS xil_defaultlib.glbl -log elaborate.log 
Using 2 slave threads.
Starting static elaboration
WARNING: [VRFC 10-1783] select index 1 into Instr is out of bounds [C:/Users/SURFACE/Desktop/GitHub/CPU/CPU_Project/CPU_Project.srcs/sources_1/new/instruction_memory.v:14]
WARNING: [VRFC 10-1783] select index 2 into Instr is out of bounds [C:/Users/SURFACE/Desktop/GitHub/CPU/CPU_Project/CPU_Project.srcs/sources_1/new/instruction_memory.v:15]
Completed static elaboration
Starting simulation data flow analysis
WARNING: [XSIM 43-3980] File "C:/Users/SURFACE/Desktop/GitHub/CPU/CPU_Project/CPU_Project.srcs/sources_1/new/instruction_memory.v" Line 19 : The "System Verilog : Sensitivity on Associative Array" is not supported yet for simulation.
Completed simulation data flow analysis
Time Resolution for simulation is 1ps
Compiling module xil_defaultlib.program_counter
Compiling module xil_defaultlib.instruction_memory
Compiling module xil_defaultlib.MIPS
Compiling module xil_defaultlib.glbl
Built simulation snapshot MIPS_behav

****** Webtalk v2016.2 (64-bit)
  **** SW Build 1577090 on Thu Jun  2 16:32:40 MDT 2016
  **** IP Build 1577682 on Fri Jun  3 12:00:54 MDT 2016
    ** Copyright 1986-2016 Xilinx, Inc. All Rights Reserved.

source C:/Users/SURFACE/Desktop/GitHub/CPU/CPU_Project/CPU_Project.sim/sim_1/behav/xsim.dir/MIPS_behav/webtalk/xsim_webtalk.tcl -notrace
INFO: [Common 17-206] Exiting Webtalk at Wed Jun 01 11:16:30 2022...
run_program: Time (s): cpu = 00:00:00 ; elapsed = 00:00:08 . Memory (MB): peak = 830.539 ; gain = 0.000
INFO: [USF-XSim-69] 'elaborate' step finished in '8' seconds
INFO: [USF-XSim-4] XSim::Simulate design
INFO: [USF-XSim-61] Executing 'SIMULATE' step in 'C:/Users/SURFACE/Desktop/GitHub/CPU/CPU_Project/CPU_Project.sim/sim_1/behav'
INFO: [USF-XSim-98] *** Running xsim
   with args "MIPS_behav -key {Behavioral:sim_1:Functional:MIPS} -tclbatch {MIPS.tcl} -log {simulate.log}"
INFO: [USF-XSim-8] Loading simulator feature
Vivado Simulator 2016.2
Time resolution is 1 ps
source MIPS.tcl
# set curr_wave [current_wave_config]
# if { [string length $curr_wave] == 0 } {
#   if { [llength [get_objects]] > 0} {
#     add_wave /
#     set_property needs_save false [current_wave_config]
#   } else {
#      send_msg_id Add_Wave-1 WARNING "No top level signals found. Simulator will start without a wave window. If you want to open a wave window go to 'File->New Waveform Configuration' or type 'create_wave_config' in the TCL console."
#   }
# }
# run 1000ns
INFO: [USF-XSim-96] XSim completed. Design snapshot 'MIPS_behav' loaded.
INFO: [USF-XSim-97] XSim simulation ran for 1000ns
launch_simulation: Time (s): cpu = 00:00:05 ; elapsed = 00:00:14 . Memory (MB): peak = 830.539 ; gain = 0.000
close_sim
INFO: [Simtcl 6-16] Simulation closed
launch_simulation
INFO: [USF-XSim-27] Simulation object is 'sim_1'
INFO: [USF-XSim-37] Inspecting design source files for 'MIPS' in fileset 'sim_1'...
INFO: [USF-XSim-97] Finding global include files...
INFO: [USF-XSim-98] Fetching design files from 'sim_1'...
INFO: [USF-XSim-2] XSim::Compile design
INFO: [USF-XSim-61] Executing 'COMPILE and ANALYZE' step in 'C:/Users/SURFACE/Desktop/GitHub/CPU/CPU_Project/CPU_Project.sim/sim_1/behav'
"xvlog -m64 --relax -prj MIPS_vlog.prj"
INFO: [VRFC 10-2263] Analyzing Verilog file "C:/Users/SURFACE/Desktop/GitHub/CPU/CPU_Project/CPU_Project.srcs/sources_1/new/program_counter.v" into library xil_defaultlib
INFO: [VRFC 10-311] analyzing module program_counter
INFO: [VRFC 10-2263] Analyzing Verilog file "C:/Users/SURFACE/Desktop/GitHub/CPU/CPU_Project/CPU_Project.srcs/sources_1/new/instruction_memory.v" into library xil_defaultlib
INFO: [VRFC 10-311] analyzing module instruction_memory
INFO: [VRFC 10-2263] Analyzing Verilog file "C:/Users/SURFACE/Desktop/GitHub/CPU/CPU_Project/CPU_Project.srcs/sources_1/new/MIPS.v" into library xil_defaultlib
INFO: [VRFC 10-311] analyzing module MIPS
INFO: [VRFC 10-2263] Analyzing Verilog file "C:/Users/SURFACE/Desktop/GitHub/CPU/CPU_Project/CPU_Project.sim/sim_1/behav/glbl.v" into library xil_defaultlib
INFO: [VRFC 10-311] analyzing module glbl
INFO: [USF-XSim-69] 'compile' step finished in '2' seconds
INFO: [USF-XSim-3] XSim::Elaborate design
INFO: [USF-XSim-61] Executing 'ELABORATE' step in 'C:/Users/SURFACE/Desktop/GitHub/CPU/CPU_Project/CPU_Project.sim/sim_1/behav'
Vivado Simulator 2016.2
Copyright 1986-1999, 2001-2016 Xilinx, Inc. All Rights Reserved.
Running: D:/Programs/Xilinx_Vivado/Xilinx/Vivado/2016.2/bin/unwrapped/win64.o/xelab.exe -wto fa3af2a67d7a482ea249b8e79fe7e766 --debug typical --relax --mt 2 -L xil_defaultlib -L unisims_ver -L unimacro_ver -L secureip --snapshot MIPS_behav xil_defaultlib.MIPS xil_defaultlib.glbl -log elaborate.log 
Using 2 slave threads.
Starting static elaboration
WARNING: [VRFC 10-1783] select index 1 into Instr is out of bounds [C:/Users/SURFACE/Desktop/GitHub/CPU/CPU_Project/CPU_Project.srcs/sources_1/new/instruction_memory.v:14]
WARNING: [VRFC 10-1783] select index 2 into Instr is out of bounds [C:/Users/SURFACE/Desktop/GitHub/CPU/CPU_Project/CPU_Project.srcs/sources_1/new/instruction_memory.v:15]
Completed static elaboration
Starting simulation data flow analysis
WARNING: [XSIM 43-3980] File "C:/Users/SURFACE/Desktop/GitHub/CPU/CPU_Project/CPU_Project.srcs/sources_1/new/instruction_memory.v" Line 19 : The "System Verilog : Sensitivity on Associative Array" is not supported yet for simulation.
Completed simulation data flow analysis
Time Resolution for simulation is 1ps
Compiling module xil_defaultlib.program_counter
Compiling module xil_defaultlib.instruction_memory
Compiling module xil_defaultlib.MIPS
Compiling module xil_defaultlib.glbl
Built simulation snapshot MIPS_behav

****** Webtalk v2016.2 (64-bit)
  **** SW Build 1577090 on Thu Jun  2 16:32:40 MDT 2016
  **** IP Build 1577682 on Fri Jun  3 12:00:54 MDT 2016
    ** Copyright 1986-2016 Xilinx, Inc. All Rights Reserved.

source C:/Users/SURFACE/Desktop/GitHub/CPU/CPU_Project/CPU_Project.sim/sim_1/behav/xsim.dir/MIPS_behav/webtalk/xsim_webtalk.tcl -notrace
INFO: [Common 17-206] Exiting Webtalk at Wed Jun 01 11:18:25 2022...
INFO: [USF-XSim-69] 'elaborate' step finished in '4' seconds
INFO: [USF-XSim-4] XSim::Simulate design
INFO: [USF-XSim-61] Executing 'SIMULATE' step in 'C:/Users/SURFACE/Desktop/GitHub/CPU/CPU_Project/CPU_Project.sim/sim_1/behav'
INFO: [USF-XSim-98] *** Running xsim
   with args "MIPS_behav -key {Behavioral:sim_1:Functional:MIPS} -tclbatch {MIPS.tcl} -log {simulate.log}"
INFO: [USF-XSim-8] Loading simulator feature
Vivado Simulator 2016.2
Time resolution is 1 ps
source MIPS.tcl
# set curr_wave [current_wave_config]
# if { [string length $curr_wave] == 0 } {
#   if { [llength [get_objects]] > 0} {
#     add_wave /
#     set_property needs_save false [current_wave_config]
#   } else {
#      send_msg_id Add_Wave-1 WARNING "No top level signals found. Simulator will start without a wave window. If you want to open a wave window go to 'File->New Waveform Configuration' or type 'create_wave_config' in the TCL console."
#   }
# }
# run 1000ns
INFO: [USF-XSim-96] XSim completed. Design snapshot 'MIPS_behav' loaded.
INFO: [USF-XSim-97] XSim simulation ran for 1000ns
launch_simulation: Time (s): cpu = 00:00:04 ; elapsed = 00:00:09 . Memory (MB): peak = 832.230 ; gain = 0.000
close_sim
INFO: [Simtcl 6-16] Simulation closed
launch_simulation
INFO: [USF-XSim-27] Simulation object is 'sim_1'
INFO: [USF-XSim-37] Inspecting design source files for 'MIPS' in fileset 'sim_1'...
INFO: [USF-XSim-97] Finding global include files...
INFO: [USF-XSim-98] Fetching design files from 'sim_1'...
INFO: [USF-XSim-2] XSim::Compile design
INFO: [USF-XSim-61] Executing 'COMPILE and ANALYZE' step in 'C:/Users/SURFACE/Desktop/GitHub/CPU/CPU_Project/CPU_Project.sim/sim_1/behav'
"xvlog -m64 --relax -prj MIPS_vlog.prj"
INFO: [VRFC 10-2263] Analyzing Verilog file "C:/Users/SURFACE/Desktop/GitHub/CPU/CPU_Project/CPU_Project.srcs/sources_1/new/program_counter.v" into library xil_defaultlib
INFO: [VRFC 10-311] analyzing module program_counter
INFO: [VRFC 10-2263] Analyzing Verilog file "C:/Users/SURFACE/Desktop/GitHub/CPU/CPU_Project/CPU_Project.srcs/sources_1/new/instruction_memory.v" into library xil_defaultlib
INFO: [VRFC 10-311] analyzing module instruction_memory
INFO: [VRFC 10-2263] Analyzing Verilog file "C:/Users/SURFACE/Desktop/GitHub/CPU/CPU_Project/CPU_Project.srcs/sources_1/new/MIPS.v" into library xil_defaultlib
INFO: [VRFC 10-311] analyzing module MIPS
INFO: [VRFC 10-2263] Analyzing Verilog file "C:/Users/SURFACE/Desktop/GitHub/CPU/CPU_Project/CPU_Project.sim/sim_1/behav/glbl.v" into library xil_defaultlib
INFO: [VRFC 10-311] analyzing module glbl
INFO: [USF-XSim-69] 'compile' step finished in '2' seconds
INFO: [USF-XSim-3] XSim::Elaborate design
INFO: [USF-XSim-61] Executing 'ELABORATE' step in 'C:/Users/SURFACE/Desktop/GitHub/CPU/CPU_Project/CPU_Project.sim/sim_1/behav'
Vivado Simulator 2016.2
Copyright 1986-1999, 2001-2016 Xilinx, Inc. All Rights Reserved.
Running: D:/Programs/Xilinx_Vivado/Xilinx/Vivado/2016.2/bin/unwrapped/win64.o/xelab.exe -wto fa3af2a67d7a482ea249b8e79fe7e766 --debug typical --relax --mt 2 -L xil_defaultlib -L unisims_ver -L unimacro_ver -L secureip --snapshot MIPS_behav xil_defaultlib.MIPS xil_defaultlib.glbl -log elaborate.log 
Using 2 slave threads.
Starting static elaboration
WARNING: [VRFC 10-1783] select index 1 into Instr is out of bounds [C:/Users/SURFACE/Desktop/GitHub/CPU/CPU_Project/CPU_Project.srcs/sources_1/new/instruction_memory.v:14]
WARNING: [VRFC 10-1783] select index 2 into Instr is out of bounds [C:/Users/SURFACE/Desktop/GitHub/CPU/CPU_Project/CPU_Project.srcs/sources_1/new/instruction_memory.v:15]
Completed static elaboration
Starting simulation data flow analysis
WARNING: [XSIM 43-3980] File "C:/Users/SURFACE/Desktop/GitHub/CPU/CPU_Project/CPU_Project.srcs/sources_1/new/instruction_memory.v" Line 19 : The "System Verilog : Sensitivity on Associative Array" is not supported yet for simulation.
Completed simulation data flow analysis
Time Resolution for simulation is 1ps
Compiling module xil_defaultlib.program_counter
Compiling module xil_defaultlib.instruction_memory
Compiling module xil_defaultlib.MIPS
Compiling module xil_defaultlib.glbl
Built simulation snapshot MIPS_behav

****** Webtalk v2016.2 (64-bit)
  **** SW Build 1577090 on Thu Jun  2 16:32:40 MDT 2016
  **** IP Build 1577682 on Fri Jun  3 12:00:54 MDT 2016
    ** Copyright 1986-2016 Xilinx, Inc. All Rights Reserved.

source C:/Users/SURFACE/Desktop/GitHub/CPU/CPU_Project/CPU_Project.sim/sim_1/behav/xsim.dir/MIPS_behav/webtalk/xsim_webtalk.tcl -notrace
INFO: [Common 17-206] Exiting Webtalk at Wed Jun 01 11:19:19 2022...
INFO: [USF-XSim-69] 'elaborate' step finished in '4' seconds
INFO: [USF-XSim-4] XSim::Simulate design
INFO: [USF-XSim-61] Executing 'SIMULATE' step in 'C:/Users/SURFACE/Desktop/GitHub/CPU/CPU_Project/CPU_Project.sim/sim_1/behav'
INFO: [USF-XSim-98] *** Running xsim
   with args "MIPS_behav -key {Behavioral:sim_1:Functional:MIPS} -tclbatch {MIPS.tcl} -log {simulate.log}"
INFO: [USF-XSim-8] Loading simulator feature
Vivado Simulator 2016.2
Time resolution is 1 ps
source MIPS.tcl
# set curr_wave [current_wave_config]
# if { [string length $curr_wave] == 0 } {
#   if { [llength [get_objects]] > 0} {
#     add_wave /
#     set_property needs_save false [current_wave_config]
#   } else {
#      send_msg_id Add_Wave-1 WARNING "No top level signals found. Simulator will start without a wave window. If you want to open a wave window go to 'File->New Waveform Configuration' or type 'create_wave_config' in the TCL console."
#   }
# }
# run 1000ns
INFO: [USF-XSim-96] XSim completed. Design snapshot 'MIPS_behav' loaded.
INFO: [USF-XSim-97] XSim simulation ran for 1000ns
launch_simulation: Time (s): cpu = 00:00:02 ; elapsed = 00:00:09 . Memory (MB): peak = 832.230 ; gain = 0.000
close_sim
INFO: [Simtcl 6-16] Simulation closed
launch_simulation
INFO: [USF-XSim-27] Simulation object is 'sim_1'
INFO: [USF-XSim-37] Inspecting design source files for 'MIPS' in fileset 'sim_1'...
INFO: [USF-XSim-97] Finding global include files...
INFO: [USF-XSim-98] Fetching design files from 'sim_1'...
INFO: [USF-XSim-2] XSim::Compile design
INFO: [USF-XSim-61] Executing 'COMPILE and ANALYZE' step in 'C:/Users/SURFACE/Desktop/GitHub/CPU/CPU_Project/CPU_Project.sim/sim_1/behav'
"xvlog -m64 --relax -prj MIPS_vlog.prj"
INFO: [VRFC 10-2263] Analyzing Verilog file "C:/Users/SURFACE/Desktop/GitHub/CPU/CPU_Project/CPU_Project.srcs/sources_1/new/program_counter.v" into library xil_defaultlib
INFO: [VRFC 10-311] analyzing module program_counter
INFO: [VRFC 10-2263] Analyzing Verilog file "C:/Users/SURFACE/Desktop/GitHub/CPU/CPU_Project/CPU_Project.srcs/sources_1/new/instruction_memory.v" into library xil_defaultlib
INFO: [VRFC 10-311] analyzing module instruction_memory
INFO: [VRFC 10-2263] Analyzing Verilog file "C:/Users/SURFACE/Desktop/GitHub/CPU/CPU_Project/CPU_Project.srcs/sources_1/new/MIPS.v" into library xil_defaultlib
INFO: [VRFC 10-311] analyzing module MIPS
INFO: [VRFC 10-2263] Analyzing Verilog file "C:/Users/SURFACE/Desktop/GitHub/CPU/CPU_Project/CPU_Project.sim/sim_1/behav/glbl.v" into library xil_defaultlib
INFO: [VRFC 10-311] analyzing module glbl
INFO: [USF-XSim-69] 'compile' step finished in '2' seconds
INFO: [USF-XSim-3] XSim::Elaborate design
INFO: [USF-XSim-61] Executing 'ELABORATE' step in 'C:/Users/SURFACE/Desktop/GitHub/CPU/CPU_Project/CPU_Project.sim/sim_1/behav'
Vivado Simulator 2016.2
Copyright 1986-1999, 2001-2016 Xilinx, Inc. All Rights Reserved.
Running: D:/Programs/Xilinx_Vivado/Xilinx/Vivado/2016.2/bin/unwrapped/win64.o/xelab.exe -wto fa3af2a67d7a482ea249b8e79fe7e766 --debug typical --relax --mt 2 -L xil_defaultlib -L unisims_ver -L unimacro_ver -L secureip --snapshot MIPS_behav xil_defaultlib.MIPS xil_defaultlib.glbl -log elaborate.log 
Using 2 slave threads.
Starting static elaboration
WARNING: [VRFC 10-1783] select index 1 into Instr is out of bounds [C:/Users/SURFACE/Desktop/GitHub/CPU/CPU_Project/CPU_Project.srcs/sources_1/new/instruction_memory.v:14]
WARNING: [VRFC 10-1783] select index 2 into Instr is out of bounds [C:/Users/SURFACE/Desktop/GitHub/CPU/CPU_Project/CPU_Project.srcs/sources_1/new/instruction_memory.v:15]
Completed static elaboration
Starting simulation data flow analysis
WARNING: [XSIM 43-3980] File "C:/Users/SURFACE/Desktop/GitHub/CPU/CPU_Project/CPU_Project.srcs/sources_1/new/instruction_memory.v" Line 19 : The "System Verilog : Sensitivity on Associative Array" is not supported yet for simulation.
Completed simulation data flow analysis
Time Resolution for simulation is 1ps
Compiling module xil_defaultlib.program_counter
Compiling module xil_defaultlib.instruction_memory
Compiling module xil_defaultlib.MIPS
Compiling module xil_defaultlib.glbl
Built simulation snapshot MIPS_behav

****** Webtalk v2016.2 (64-bit)
  **** SW Build 1577090 on Thu Jun  2 16:32:40 MDT 2016
  **** IP Build 1577682 on Fri Jun  3 12:00:54 MDT 2016
    ** Copyright 1986-2016 Xilinx, Inc. All Rights Reserved.

source C:/Users/SURFACE/Desktop/GitHub/CPU/CPU_Project/CPU_Project.sim/sim_1/behav/xsim.dir/MIPS_behav/webtalk/xsim_webtalk.tcl -notrace
INFO: [Common 17-206] Exiting Webtalk at Wed Jun 01 11:20:55 2022...
INFO: [USF-XSim-69] 'elaborate' step finished in '4' seconds
INFO: [USF-XSim-4] XSim::Simulate design
INFO: [USF-XSim-61] Executing 'SIMULATE' step in 'C:/Users/SURFACE/Desktop/GitHub/CPU/CPU_Project/CPU_Project.sim/sim_1/behav'
INFO: [USF-XSim-98] *** Running xsim
   with args "MIPS_behav -key {Behavioral:sim_1:Functional:MIPS} -tclbatch {MIPS.tcl} -log {simulate.log}"
INFO: [USF-XSim-8] Loading simulator feature
Vivado Simulator 2016.2
Time resolution is 1 ps
source MIPS.tcl
# set curr_wave [current_wave_config]
# if { [string length $curr_wave] == 0 } {
#   if { [llength [get_objects]] > 0} {
#     add_wave /
#     set_property needs_save false [current_wave_config]
#   } else {
#      send_msg_id Add_Wave-1 WARNING "No top level signals found. Simulator will start without a wave window. If you want to open a wave window go to 'File->New Waveform Configuration' or type 'create_wave_config' in the TCL console."
#   }
# }
# run 1000ns
INFO: [USF-XSim-96] XSim completed. Design snapshot 'MIPS_behav' loaded.
INFO: [USF-XSim-97] XSim simulation ran for 1000ns
launch_simulation: Time (s): cpu = 00:00:02 ; elapsed = 00:00:09 . Memory (MB): peak = 834.727 ; gain = 0.000
close_sim
INFO: [Simtcl 6-16] Simulation closed
launch_simulation
INFO: [USF-XSim-27] Simulation object is 'sim_1'
INFO: [USF-XSim-37] Inspecting design source files for 'MIPS' in fileset 'sim_1'...
INFO: [USF-XSim-97] Finding global include files...
INFO: [USF-XSim-98] Fetching design files from 'sim_1'...
INFO: [USF-XSim-2] XSim::Compile design
INFO: [USF-XSim-61] Executing 'COMPILE and ANALYZE' step in 'C:/Users/SURFACE/Desktop/GitHub/CPU/CPU_Project/CPU_Project.sim/sim_1/behav'
"xvlog -m64 --relax -prj MIPS_vlog.prj"
INFO: [VRFC 10-2263] Analyzing Verilog file "C:/Users/SURFACE/Desktop/GitHub/CPU/CPU_Project/CPU_Project.srcs/sources_1/new/program_counter.v" into library xil_defaultlib
INFO: [VRFC 10-311] analyzing module program_counter
INFO: [VRFC 10-2263] Analyzing Verilog file "C:/Users/SURFACE/Desktop/GitHub/CPU/CPU_Project/CPU_Project.srcs/sources_1/new/instruction_memory.v" into library xil_defaultlib
INFO: [VRFC 10-311] analyzing module instruction_memory
INFO: [VRFC 10-2263] Analyzing Verilog file "C:/Users/SURFACE/Desktop/GitHub/CPU/CPU_Project/CPU_Project.srcs/sources_1/new/MIPS.v" into library xil_defaultlib
INFO: [VRFC 10-311] analyzing module MIPS
INFO: [VRFC 10-2263] Analyzing Verilog file "C:/Users/SURFACE/Desktop/GitHub/CPU/CPU_Project/CPU_Project.sim/sim_1/behav/glbl.v" into library xil_defaultlib
INFO: [VRFC 10-311] analyzing module glbl
INFO: [USF-XSim-69] 'compile' step finished in '2' seconds
INFO: [USF-XSim-3] XSim::Elaborate design
INFO: [USF-XSim-61] Executing 'ELABORATE' step in 'C:/Users/SURFACE/Desktop/GitHub/CPU/CPU_Project/CPU_Project.sim/sim_1/behav'
Vivado Simulator 2016.2
Copyright 1986-1999, 2001-2016 Xilinx, Inc. All Rights Reserved.
Running: D:/Programs/Xilinx_Vivado/Xilinx/Vivado/2016.2/bin/unwrapped/win64.o/xelab.exe -wto fa3af2a67d7a482ea249b8e79fe7e766 --debug typical --relax --mt 2 -L xil_defaultlib -L unisims_ver -L unimacro_ver -L secureip --snapshot MIPS_behav xil_defaultlib.MIPS xil_defaultlib.glbl -log elaborate.log 
Using 2 slave threads.
Starting static elaboration
WARNING: [VRFC 10-1783] select index 1 into Instr is out of bounds [C:/Users/SURFACE/Desktop/GitHub/CPU/CPU_Project/CPU_Project.srcs/sources_1/new/instruction_memory.v:14]
WARNING: [VRFC 10-1783] select index 2 into Instr is out of bounds [C:/Users/SURFACE/Desktop/GitHub/CPU/CPU_Project/CPU_Project.srcs/sources_1/new/instruction_memory.v:15]
Completed static elaboration
Starting simulation data flow analysis
WARNING: [XSIM 43-3980] File "C:/Users/SURFACE/Desktop/GitHub/CPU/CPU_Project/CPU_Project.srcs/sources_1/new/instruction_memory.v" Line 19 : The "System Verilog : Sensitivity on Associative Array" is not supported yet for simulation.
Completed simulation data flow analysis
Time Resolution for simulation is 1ps
Compiling module xil_defaultlib.program_counter
Compiling module xil_defaultlib.instruction_memory
Compiling module xil_defaultlib.MIPS
Compiling module xil_defaultlib.glbl
Built simulation snapshot MIPS_behav

****** Webtalk v2016.2 (64-bit)
  **** SW Build 1577090 on Thu Jun  2 16:32:40 MDT 2016
  **** IP Build 1577682 on Fri Jun  3 12:00:54 MDT 2016
    ** Copyright 1986-2016 Xilinx, Inc. All Rights Reserved.

source C:/Users/SURFACE/Desktop/GitHub/CPU/CPU_Project/CPU_Project.sim/sim_1/behav/xsim.dir/MIPS_behav/webtalk/xsim_webtalk.tcl -notrace
INFO: [Common 17-206] Exiting Webtalk at Wed Jun 01 11:23:37 2022...
INFO: [USF-XSim-69] 'elaborate' step finished in '4' seconds
INFO: [USF-XSim-4] XSim::Simulate design
INFO: [USF-XSim-61] Executing 'SIMULATE' step in 'C:/Users/SURFACE/Desktop/GitHub/CPU/CPU_Project/CPU_Project.sim/sim_1/behav'
INFO: [USF-XSim-98] *** Running xsim
   with args "MIPS_behav -key {Behavioral:sim_1:Functional:MIPS} -tclbatch {MIPS.tcl} -log {simulate.log}"
INFO: [USF-XSim-8] Loading simulator feature
Vivado Simulator 2016.2
Time resolution is 1 ps
source MIPS.tcl
# set curr_wave [current_wave_config]
# if { [string length $curr_wave] == 0 } {
#   if { [llength [get_objects]] > 0} {
#     add_wave /
#     set_property needs_save false [current_wave_config]
#   } else {
#      send_msg_id Add_Wave-1 WARNING "No top level signals found. Simulator will start without a wave window. If you want to open a wave window go to 'File->New Waveform Configuration' or type 'create_wave_config' in the TCL console."
#   }
# }
# run 1000ns
INFO: [USF-XSim-96] XSim completed. Design snapshot 'MIPS_behav' loaded.
INFO: [USF-XSim-97] XSim simulation ran for 1000ns
launch_simulation: Time (s): cpu = 00:00:04 ; elapsed = 00:00:10 . Memory (MB): peak = 857.262 ; gain = 0.000
close_sim
INFO: [Simtcl 6-16] Simulation closed
launch_simulation
INFO: [USF-XSim-27] Simulation object is 'sim_1'
INFO: [USF-XSim-37] Inspecting design source files for 'MIPS' in fileset 'sim_1'...
INFO: [USF-XSim-97] Finding global include files...
INFO: [USF-XSim-98] Fetching design files from 'sim_1'...
INFO: [USF-XSim-2] XSim::Compile design
INFO: [USF-XSim-61] Executing 'COMPILE and ANALYZE' step in 'C:/Users/SURFACE/Desktop/GitHub/CPU/CPU_Project/CPU_Project.sim/sim_1/behav'
