#-----------------------------------------------------------
# Vivado v2016.2 (64-bit)
# SW Build 1577090 on Thu Jun  2 16:32:40 MDT 2016
# IP Build 1577682 on Fri Jun  3 12:00:54 MDT 2016
# Start of session at: Thu May 26 13:50:42 2022
# Process ID: 14060
# Current directory: A:/Desktop/Github/CPU/CPU_Project
# Command line: vivado.exe -gui_launcher_event rodinguilauncherevent6268 A:\Desktop\Github\CPU\CPU_Project\CPU_Project.xpr
# Log file: A:/Desktop/Github/CPU/CPU_Project/vivado.log
# Journal file: A:/Desktop/Github/CPU/CPU_Project\vivado.jou
#-----------------------------------------------------------
start_gui
open_project A:/Desktop/Github/CPU/CPU_Project/CPU_Project.xpr
Scanning sources...
Finished scanning sources
INFO: [IP_Flow 19-234] Refreshing IP repositories
INFO: [IP_Flow 19-1704] No user IP repositories specified
INFO: [IP_Flow 19-2313] Loaded Vivado IP repository 'A:/Downloads/Applications/Xilinx/Vivado/2016.2/data/ip'.
open_project: Time (s): cpu = 00:00:10 ; elapsed = 00:00:10 . Memory (MB): peak = 781.734 ; gain = 119.102
update_compile_order -fileset sources_1
