INFO: [VRFC 10-2263] Analyzing Verilog file "A:/Desktop/Github/CPU/MIPS/MIPS.srcs/sources_1/new/ALUoperations.v" into library xil_defaultlib
INFO: [VRFC 10-311] analyzing module FullAdder
INFO: [VRFC 10-311] analyzing module addition
INFO: [VRFC 10-311] analyzing module FullSubtractor
INFO: [VRFC 10-311] analyzing module subtraction
INFO: [VRFC 10-311] analyzing module anding
INFO: [VRFC 10-311] analyzing module oring
INFO: [VRFC 10-2263] Analyzing Verilog file "A:/Desktop/Github/CPU/MIPS/MIPS.srcs/sources_1/new/ControlDecoder.v" into library xil_defaultlib
INFO: [VRFC 10-311] analyzing module ControlDecoder
INFO: [VRFC 10-2263] Analyzing Verilog file "A:/Desktop/Github/CPU/MIPS/MIPS.srcs/sources_1/new/ALUDecoder.v" into library xil_defaultlib
INFO: [VRFC 10-311] analyzing module ALUDecoder
INFO: [VRFC 10-2263] Analyzing Verilog file "A:/Desktop/Github/CPU/MIPS/MIPS.srcs/sources_1/new/ALU.v" into library xil_defaultlib
INFO: [VRFC 10-311] analyzing module ALU
INFO: [VRFC 10-2263] Analyzing Verilog file "A:/Desktop/Github/CPU/MIPS/MIPS.srcs/sources_1/new/MUX.v" into library xil_defaultlib
INFO: [VRFC 10-311] analyzing module MUX
INFO: [VRFC 10-2263] Analyzing Verilog file "A:/Desktop/Github/CPU/MIPS/MIPS.srcs/sources_1/new/ProgramCounter.v" into library xil_defaultlib
INFO: [VRFC 10-311] analyzing module ProgramCounter
INFO: [VRFC 10-2263] Analyzing Verilog file "A:/Desktop/Github/CPU/MIPS/MIPS.srcs/sources_1/new/Control.v" into library xil_defaultlib
INFO: [VRFC 10-311] analyzing module Control
INFO: [VRFC 10-2263] Analyzing Verilog file "A:/Desktop/Github/CPU/MIPS/MIPS.srcs/sources_1/new/signextend.v" into library xil_defaultlib
INFO: [VRFC 10-311] analyzing module signextend
INFO: [VRFC 10-2263] Analyzing Verilog file "A:/Desktop/Github/CPU/MIPS/MIPS.srcs/sources_1/new/RegisterFile.v" into library xil_defaultlib
INFO: [VRFC 10-311] analyzing module RegisterFile
INFO: [VRFC 10-2263] Analyzing Verilog file "A:/Desktop/Github/CPU/MIPS/MIPS.srcs/sources_1/new/InstructionMemory.v" into library xil_defaultlib
INFO: [VRFC 10-311] analyzing module InstructionMemory
INFO: [VRFC 10-2263] Analyzing Verilog file "A:/Desktop/Github/CPU/MIPS/MIPS.srcs/sources_1/new/DataMemory.v" into library xil_defaultlib
INFO: [VRFC 10-311] analyzing module DataMemory
INFO: [VRFC 10-2263] Analyzing Verilog file "A:/Desktop/Github/CPU/MIPS/MIPS.srcs/sources_1/new/MIPS.v" into library xil_defaultlib
INFO: [VRFC 10-311] analyzing module MIPS
INFO: [VRFC 10-2263] Analyzing Verilog file "A:/Desktop/Github/CPU/MIPS/MIPS.sim/sim_1/behav/glbl.v" into library xil_defaultlib
INFO: [VRFC 10-311] analyzing module glbl
