Vivado Simulator 2016.2
Copyright 1986-1999, 2001-2016 Xilinx, Inc. All Rights Reserved.
Running: A:/Downloads/Applications/Xilinx/Vivado/2016.2/bin/unwrapped/win64.o/xelab.exe -wto 695d555af1b0463fa0b1bd0b892a438e --debug typical --relax --mt 2 -L xil_defaultlib -L unisims_ver -L unimacro_ver -L secureip --snapshot MIPS_behav xil_defaultlib.MIPS xil_defaultlib.glbl -log elaborate.log 
Using 2 slave threads.
Starting static elaboration
WARNING: [VRFC 10-278] actual bit length 5 differs from formal bit length 33 for port A [A:/Desktop/CSCI311 Project/MIPS/MIPS.srcs/sources_1/new/MIPS.v:61]
WARNING: [VRFC 10-278] actual bit length 5 differs from formal bit length 33 for port B [A:/Desktop/CSCI311 Project/MIPS/MIPS.srcs/sources_1/new/MIPS.v:62]
WARNING: [VRFC 10-278] actual bit length 5 differs from formal bit length 33 for port out [A:/Desktop/CSCI311 Project/MIPS/MIPS.srcs/sources_1/new/MIPS.v:64]
WARNING: [VRFC 10-1783] select index 1 into ROM is out of bounds [A:/Desktop/CSCI311 Project/MIPS/MIPS.srcs/sources_1/new/InstructionMemory.v:14]
WARNING: [VRFC 10-1783] select index 2 into ROM is out of bounds [A:/Desktop/CSCI311 Project/MIPS/MIPS.srcs/sources_1/new/InstructionMemory.v:15]
Completed static elaboration
Starting simulation data flow analysis
WARNING: [XSIM 43-4099] "A:/Desktop/CSCI311 Project/MIPS/MIPS.srcs/sources_1/new/ALUoperations.v" Line 50. Module anding doesn't have a timescale but at least one module in design has a timescale.
WARNING: [XSIM 43-4099] "A:/Desktop/CSCI311 Project/MIPS/MIPS.srcs/sources_1/new/ALUoperations.v" Line 65. Module oring doesn't have a timescale but at least one module in design has a timescale.
WARNING: [XSIM 43-4099] "A:/Desktop/CSCI311 Project/MIPS/MIPS.srcs/sources_1/new/ALUoperations.v" Line 8. Module addition_default doesn't have a timescale but at least one module in design has a timescale.
WARNING: [XSIM 43-4099] "A:/Desktop/CSCI311 Project/MIPS/MIPS.srcs/sources_1/new/ALUoperations.v" Line 2. Module FullAdder doesn't have a timescale but at least one module in design has a timescale.
WARNING: [XSIM 43-4099] "A:/Desktop/CSCI311 Project/MIPS/MIPS.srcs/sources_1/new/ALUoperations.v" Line 2. Module FullAdder doesn't have a timescale but at least one module in design has a timescale.
WARNING: [XSIM 43-4099] "A:/Desktop/CSCI311 Project/MIPS/MIPS.srcs/sources_1/new/ALUoperations.v" Line 2. Module FullAdder doesn't have a timescale but at least one module in design has a timescale.
WARNING: [XSIM 43-4099] "A:/Desktop/CSCI311 Project/MIPS/MIPS.srcs/sources_1/new/ALUoperations.v" Line 2. Module FullAdder doesn't have a timescale but at least one module in design has a timescale.
WARNING: [XSIM 43-4099] "A:/Desktop/CSCI311 Project/MIPS/MIPS.srcs/sources_1/new/ALUoperations.v" Line 2. Module FullAdder doesn't have a timescale but at least one module in design has a timescale.
WARNING: [XSIM 43-4099] "A:/Desktop/CSCI311 Project/MIPS/MIPS.srcs/sources_1/new/ALUoperations.v" Line 2. Module FullAdder doesn't have a timescale but at least one module in design has a timescale.
WARNING: [XSIM 43-4099] "A:/Desktop/CSCI311 Project/MIPS/MIPS.srcs/sources_1/new/ALUoperations.v" Line 2. Module FullAdder doesn't have a timescale but at least one module in design has a timescale.
WARNING: [XSIM 43-4099] "A:/Desktop/CSCI311 Project/MIPS/MIPS.srcs/sources_1/new/ALUoperations.v" Line 2. Module FullAdder doesn't have a timescale but at least one module in design has a timescale.
WARNING: [XSIM 43-4099] "A:/Desktop/CSCI311 Project/MIPS/MIPS.srcs/sources_1/new/ALUoperations.v" Line 2. Module FullAdder doesn't have a timescale but at least one module in design has a timescale.
WARNING: [XSIM 43-4099] "A:/Desktop/CSCI311 Project/MIPS/MIPS.srcs/sources_1/new/ALUoperations.v" Line 2. Module FullAdder doesn't have a timescale but at least one module in design has a timescale.
WARNING: [XSIM 43-4099] "A:/Desktop/CSCI311 Project/MIPS/MIPS.srcs/sources_1/new/ALUoperations.v" Line 2. Module FullAdder doesn't have a timescale but at least one module in design has a timescale.
WARNING: [XSIM 43-4099] "A:/Desktop/CSCI311 Project/MIPS/MIPS.srcs/sources_1/new/ALUoperations.v" Line 2. Module FullAdder doesn't have a timescale but at least one module in design has a timescale.
WARNING: [XSIM 43-4099] "A:/Desktop/CSCI311 Project/MIPS/MIPS.srcs/sources_1/new/ALUoperations.v" Line 2. Module FullAdder doesn't have a timescale but at least one module in design has a timescale.
WARNING: [XSIM 43-4099] "A:/Desktop/CSCI311 Project/MIPS/MIPS.srcs/sources_1/new/ALUoperations.v" Line 2. Module FullAdder doesn't have a timescale but at least one module in design has a timescale.
WARNING: [XSIM 43-4099] "A:/Desktop/CSCI311 Project/MIPS/MIPS.srcs/sources_1/new/ALUoperations.v" Line 2. Module FullAdder doesn't have a timescale but at least one module in design has a timescale.
WARNING: [XSIM 43-4099] "A:/Desktop/CSCI311 Project/MIPS/MIPS.srcs/sources_1/new/ALUoperations.v" Line 2. Module FullAdder doesn't have a timescale but at least one module in design has a timescale.
WARNING: [XSIM 43-4099] "A:/Desktop/CSCI311 Project/MIPS/MIPS.srcs/sources_1/new/ALUoperations.v" Line 2. Module FullAdder doesn't have a timescale but at least one module in design has a timescale.
WARNING: [XSIM 43-4099] "A:/Desktop/CSCI311 Project/MIPS/MIPS.srcs/sources_1/new/ALUoperations.v" Line 2. Module FullAdder doesn't have a timescale but at least one module in design has a timescale.
WARNING: [XSIM 43-4099] "A:/Desktop/CSCI311 Project/MIPS/MIPS.srcs/sources_1/new/ALUoperations.v" Line 2. Module FullAdder doesn't have a timescale but at least one module in design has a timescale.
WARNING: [XSIM 43-4099] "A:/Desktop/CSCI311 Project/MIPS/MIPS.srcs/sources_1/new/ALUoperations.v" Line 2. Module FullAdder doesn't have a timescale but at least one module in design has a timescale.
WARNING: [XSIM 43-4099] "A:/Desktop/CSCI311 Project/MIPS/MIPS.srcs/sources_1/new/ALUoperations.v" Line 2. Module FullAdder doesn't have a timescale but at least one module in design has a timescale.
WARNING: [XSIM 43-4099] "A:/Desktop/CSCI311 Project/MIPS/MIPS.srcs/sources_1/new/ALUoperations.v" Line 2. Module FullAdder doesn't have a timescale but at least one module in design has a timescale.
WARNING: [XSIM 43-4099] "A:/Desktop/CSCI311 Project/MIPS/MIPS.srcs/sources_1/new/ALUoperations.v" Line 2. Module FullAdder doesn't have a timescale but at least one module in design has a timescale.
WARNING: [XSIM 43-4099] "A:/Desktop/CSCI311 Project/MIPS/MIPS.srcs/sources_1/new/ALUoperations.v" Line 2. Module FullAdder doesn't have a timescale but at least one module in design has a timescale.
WARNING: [XSIM 43-4099] "A:/Desktop/CSCI311 Project/MIPS/MIPS.srcs/sources_1/new/ALUoperations.v" Line 2. Module FullAdder doesn't have a timescale but at least one module in design has a timescale.
WARNING: [XSIM 43-4099] "A:/Desktop/CSCI311 Project/MIPS/MIPS.srcs/sources_1/new/ALUoperations.v" Line 2. Module FullAdder doesn't have a timescale but at least one module in design has a timescale.
WARNING: [XSIM 43-4099] "A:/Desktop/CSCI311 Project/MIPS/MIPS.srcs/sources_1/new/ALUoperations.v" Line 2. Module FullAdder doesn't have a timescale but at least one module in design has a timescale.
WARNING: [XSIM 43-4099] "A:/Desktop/CSCI311 Project/MIPS/MIPS.srcs/sources_1/new/ALUoperations.v" Line 2. Module FullAdder doesn't have a timescale but at least one module in design has a timescale.
WARNING: [XSIM 43-4099] "A:/Desktop/CSCI311 Project/MIPS/MIPS.srcs/sources_1/new/ALUoperations.v" Line 2. Module FullAdder doesn't have a timescale but at least one module in design has a timescale.
WARNING: [XSIM 43-4099] "A:/Desktop/CSCI311 Project/MIPS/MIPS.srcs/sources_1/new/ALUoperations.v" Line 2. Module FullAdder doesn't have a timescale but at least one module in design has a timescale.
WARNING: [XSIM 43-4099] "A:/Desktop/CSCI311 Project/MIPS/MIPS.srcs/sources_1/new/ALUoperations.v" Line 2. Module FullAdder doesn't have a timescale but at least one module in design has a timescale.
WARNING: [XSIM 43-4099] "A:/Desktop/CSCI311 Project/MIPS/MIPS.srcs/sources_1/new/ALUoperations.v" Line 2. Module FullAdder doesn't have a timescale but at least one module in design has a timescale.
WARNING: [XSIM 43-4099] "A:/Desktop/CSCI311 Project/MIPS/MIPS.srcs/sources_1/new/ALUoperations.v" Line 32. Module subtraction_default doesn't have a timescale but at least one module in design has a timescale.
WARNING: [XSIM 43-4099] "A:/Desktop/CSCI311 Project/MIPS/MIPS.srcs/sources_1/new/ALUoperations.v" Line 26. Module FullSubtractor doesn't have a timescale but at least one module in design has a timescale.
WARNING: [XSIM 43-4099] "A:/Desktop/CSCI311 Project/MIPS/MIPS.srcs/sources_1/new/ALUoperations.v" Line 26. Module FullSubtractor doesn't have a timescale but at least one module in design has a timescale.
WARNING: [XSIM 43-4099] "A:/Desktop/CSCI311 Project/MIPS/MIPS.srcs/sources_1/new/ALUoperations.v" Line 26. Module FullSubtractor doesn't have a timescale but at least one module in design has a timescale.
WARNING: [XSIM 43-4099] "A:/Desktop/CSCI311 Project/MIPS/MIPS.srcs/sources_1/new/ALUoperations.v" Line 26. Module FullSubtractor doesn't have a timescale but at least one module in design has a timescale.
WARNING: [XSIM 43-4099] "A:/Desktop/CSCI311 Project/MIPS/MIPS.srcs/sources_1/new/ALUoperations.v" Line 26. Module FullSubtractor doesn't have a timescale but at least one module in design has a timescale.
WARNING: [XSIM 43-4099] "A:/Desktop/CSCI311 Project/MIPS/MIPS.srcs/sources_1/new/ALUoperations.v" Line 26. Module FullSubtractor doesn't have a timescale but at least one module in design has a timescale.
WARNING: [XSIM 43-4099] "A:/Desktop/CSCI311 Project/MIPS/MIPS.srcs/sources_1/new/ALUoperations.v" Line 26. Module FullSubtractor doesn't have a timescale but at least one module in design has a timescale.
WARNING: [XSIM 43-4099] "A:/Desktop/CSCI311 Project/MIPS/MIPS.srcs/sources_1/new/ALUoperations.v" Line 26. Module FullSubtractor doesn't have a timescale but at least one module in design has a timescale.
WARNING: [XSIM 43-4099] "A:/Desktop/CSCI311 Project/MIPS/MIPS.srcs/sources_1/new/ALUoperations.v" Line 26. Module FullSubtractor doesn't have a timescale but at least one module in design has a timescale.
WARNING: [XSIM 43-4099] "A:/Desktop/CSCI311 Project/MIPS/MIPS.srcs/sources_1/new/ALUoperations.v" Line 26. Module FullSubtractor doesn't have a timescale but at least one module in design has a timescale.
WARNING: [XSIM 43-4099] "A:/Desktop/CSCI311 Project/MIPS/MIPS.srcs/sources_1/new/ALUoperations.v" Line 26. Module FullSubtractor doesn't have a timescale but at least one module in design has a timescale.
WARNING: [XSIM 43-4099] "A:/Desktop/CSCI311 Project/MIPS/MIPS.srcs/sources_1/new/ALUoperations.v" Line 26. Module FullSubtractor doesn't have a timescale but at least one module in design has a timescale.
WARNING: [XSIM 43-4099] "A:/Desktop/CSCI311 Project/MIPS/MIPS.srcs/sources_1/new/ALUoperations.v" Line 26. Module FullSubtractor doesn't have a timescale but at least one module in design has a timescale.
WARNING: [XSIM 43-4099] "A:/Desktop/CSCI311 Project/MIPS/MIPS.srcs/sources_1/new/ALUoperations.v" Line 26. Module FullSubtractor doesn't have a timescale but at least one module in design has a timescale.
WARNING: [XSIM 43-4099] "A:/Desktop/CSCI311 Project/MIPS/MIPS.srcs/sources_1/new/ALUoperations.v" Line 26. Module FullSubtractor doesn't have a timescale but at least one module in design has a timescale.
WARNING: [XSIM 43-4099] "A:/Desktop/CSCI311 Project/MIPS/MIPS.srcs/sources_1/new/ALUoperations.v" Line 26. Module FullSubtractor doesn't have a timescale but at least one module in design has a timescale.
WARNING: [XSIM 43-4099] "A:/Desktop/CSCI311 Project/MIPS/MIPS.srcs/sources_1/new/ALUoperations.v" Line 26. Module FullSubtractor doesn't have a timescale but at least one module in design has a timescale.
WARNING: [XSIM 43-4099] "A:/Desktop/CSCI311 Project/MIPS/MIPS.srcs/sources_1/new/ALUoperations.v" Line 26. Module FullSubtractor doesn't have a timescale but at least one module in design has a timescale.
WARNING: [XSIM 43-4099] "A:/Desktop/CSCI311 Project/MIPS/MIPS.srcs/sources_1/new/ALUoperations.v" Line 26. Module FullSubtractor doesn't have a timescale but at least one module in design has a timescale.
WARNING: [XSIM 43-4099] "A:/Desktop/CSCI311 Project/MIPS/MIPS.srcs/sources_1/new/ALUoperations.v" Line 26. Module FullSubtractor doesn't have a timescale but at least one module in design has a timescale.
WARNING: [XSIM 43-4099] "A:/Desktop/CSCI311 Project/MIPS/MIPS.srcs/sources_1/new/ALUoperations.v" Line 26. Module FullSubtractor doesn't have a timescale but at least one module in design has a timescale.
WARNING: [XSIM 43-4099] "A:/Desktop/CSCI311 Project/MIPS/MIPS.srcs/sources_1/new/ALUoperations.v" Line 26. Module FullSubtractor doesn't have a timescale but at least one module in design has a timescale.
WARNING: [XSIM 43-4099] "A:/Desktop/CSCI311 Project/MIPS/MIPS.srcs/sources_1/new/ALUoperations.v" Line 26. Module FullSubtractor doesn't have a timescale but at least one module in design has a timescale.
WARNING: [XSIM 43-4099] "A:/Desktop/CSCI311 Project/MIPS/MIPS.srcs/sources_1/new/ALUoperations.v" Line 26. Module FullSubtractor doesn't have a timescale but at least one module in design has a timescale.
WARNING: [XSIM 43-4099] "A:/Desktop/CSCI311 Project/MIPS/MIPS.srcs/sources_1/new/ALUoperations.v" Line 26. Module FullSubtractor doesn't have a timescale but at least one module in design has a timescale.
WARNING: [XSIM 43-4099] "A:/Desktop/CSCI311 Project/MIPS/MIPS.srcs/sources_1/new/ALUoperations.v" Line 26. Module FullSubtractor doesn't have a timescale but at least one module in design has a timescale.
WARNING: [XSIM 43-4099] "A:/Desktop/CSCI311 Project/MIPS/MIPS.srcs/sources_1/new/ALUoperations.v" Line 26. Module FullSubtractor doesn't have a timescale but at least one module in design has a timescale.
WARNING: [XSIM 43-4099] "A:/Desktop/CSCI311 Project/MIPS/MIPS.srcs/sources_1/new/ALUoperations.v" Line 26. Module FullSubtractor doesn't have a timescale but at least one module in design has a timescale.
WARNING: [XSIM 43-4099] "A:/Desktop/CSCI311 Project/MIPS/MIPS.srcs/sources_1/new/ALUoperations.v" Line 26. Module FullSubtractor doesn't have a timescale but at least one module in design has a timescale.
WARNING: [XSIM 43-4099] "A:/Desktop/CSCI311 Project/MIPS/MIPS.srcs/sources_1/new/ALUoperations.v" Line 26. Module FullSubtractor doesn't have a timescale but at least one module in design has a timescale.
WARNING: [XSIM 43-4099] "A:/Desktop/CSCI311 Project/MIPS/MIPS.srcs/sources_1/new/ALUoperations.v" Line 26. Module FullSubtractor doesn't have a timescale but at least one module in design has a timescale.
WARNING: [XSIM 43-4099] "A:/Desktop/CSCI311 Project/MIPS/MIPS.srcs/sources_1/new/ALUoperations.v" Line 26. Module FullSubtractor doesn't have a timescale but at least one module in design has a timescale.
WARNING: [XSIM 43-4099] "A:/Desktop/CSCI311 Project/MIPS/MIPS.srcs/sources_1/new/ALUoperations.v" Line 50. Module anding doesn't have a timescale but at least one module in design has a timescale.
WARNING: [XSIM 43-4099] "A:/Desktop/CSCI311 Project/MIPS/MIPS.srcs/sources_1/new/ALUoperations.v" Line 65. Module oring doesn't have a timescale but at least one module in design has a timescale.
WARNING: [XSIM 43-4099] "A:/Desktop/CSCI311 Project/MIPS/MIPS.srcs/sources_1/new/ALUoperations.v" Line 8. Module addition_default doesn't have a timescale but at least one module in design has a timescale.
WARNING: [XSIM 43-4099] "A:/Desktop/CSCI311 Project/MIPS/MIPS.srcs/sources_1/new/ALUoperations.v" Line 2. Module FullAdder doesn't have a timescale but at least one module in design has a timescale.
WARNING: [XSIM 43-4099] "A:/Desktop/CSCI311 Project/MIPS/MIPS.srcs/sources_1/new/ALUoperations.v" Line 2. Module FullAdder doesn't have a timescale but at least one module in design has a timescale.
WARNING: [XSIM 43-4099] "A:/Desktop/CSCI311 Project/MIPS/MIPS.srcs/sources_1/new/ALUoperations.v" Line 2. Module FullAdder doesn't have a timescale but at least one module in design has a timescale.
WARNING: [XSIM 43-4099] "A:/Desktop/CSCI311 Project/MIPS/MIPS.srcs/sources_1/new/ALUoperations.v" Line 2. Module FullAdder doesn't have a timescale but at least one module in design has a timescale.
WARNING: [XSIM 43-4099] "A:/Desktop/CSCI311 Project/MIPS/MIPS.srcs/sources_1/new/ALUoperations.v" Line 2. Module FullAdder doesn't have a timescale but at least one module in design has a timescale.
WARNING: [XSIM 43-4099] "A:/Desktop/CSCI311 Project/MIPS/MIPS.srcs/sources_1/new/ALUoperations.v" Line 2. Module FullAdder doesn't have a timescale but at least one module in design has a timescale.
WARNING: [XSIM 43-4099] "A:/Desktop/CSCI311 Project/MIPS/MIPS.srcs/sources_1/new/ALUoperations.v" Line 2. Module FullAdder doesn't have a timescale but at least one module in design has a timescale.
WARNING: [XSIM 43-4099] "A:/Desktop/CSCI311 Project/MIPS/MIPS.srcs/sources_1/new/ALUoperations.v" Line 2. Module FullAdder doesn't have a timescale but at least one module in design has a timescale.
WARNING: [XSIM 43-4099] "A:/Desktop/CSCI311 Project/MIPS/MIPS.srcs/sources_1/new/ALUoperations.v" Line 2. Module FullAdder doesn't have a timescale but at least one module in design has a timescale.
WARNING: [XSIM 43-4099] "A:/Desktop/CSCI311 Project/MIPS/MIPS.srcs/sources_1/new/ALUoperations.v" Line 2. Module FullAdder doesn't have a timescale but at least one module in design has a timescale.
WARNING: [XSIM 43-4099] "A:/Desktop/CSCI311 Project/MIPS/MIPS.srcs/sources_1/new/ALUoperations.v" Line 2. Module FullAdder doesn't have a timescale but at least one module in design has a timescale.
WARNING: [XSIM 43-4099] "A:/Desktop/CSCI311 Project/MIPS/MIPS.srcs/sources_1/new/ALUoperations.v" Line 2. Module FullAdder doesn't have a timescale but at least one module in design has a timescale.
WARNING: [XSIM 43-4099] "A:/Desktop/CSCI311 Project/MIPS/MIPS.srcs/sources_1/new/ALUoperations.v" Line 2. Module FullAdder doesn't have a timescale but at least one module in design has a timescale.
WARNING: [XSIM 43-4099] "A:/Desktop/CSCI311 Project/MIPS/MIPS.srcs/sources_1/new/ALUoperations.v" Line 2. Module FullAdder doesn't have a timescale but at least one module in design has a timescale.
WARNING: [XSIM 43-4099] "A:/Desktop/CSCI311 Project/MIPS/MIPS.srcs/sources_1/new/ALUoperations.v" Line 2. Module FullAdder doesn't have a timescale but at least one module in design has a timescale.
WARNING: [XSIM 43-4099] "A:/Desktop/CSCI311 Project/MIPS/MIPS.srcs/sources_1/new/ALUoperations.v" Line 2. Module FullAdder doesn't have a timescale but at least one module in design has a timescale.
WARNING: [XSIM 43-4099] "A:/Desktop/CSCI311 Project/MIPS/MIPS.srcs/sources_1/new/ALUoperations.v" Line 2. Module FullAdder doesn't have a timescale but at least one module in design has a timescale.
WARNING: [XSIM 43-4099] "A:/Desktop/CSCI311 Project/MIPS/MIPS.srcs/sources_1/new/ALUoperations.v" Line 2. Module FullAdder doesn't have a timescale but at least one module in design has a timescale.
WARNING: [XSIM 43-4099] "A:/Desktop/CSCI311 Project/MIPS/MIPS.srcs/sources_1/new/ALUoperations.v" Line 2. Module FullAdder doesn't have a timescale but at least one module in design has a timescale.
WARNING: [XSIM 43-4099] "A:/Desktop/CSCI311 Project/MIPS/MIPS.srcs/sources_1/new/ALUoperations.v" Line 2. Module FullAdder doesn't have a timescale but at least one module in design has a timescale.
WARNING: [XSIM 43-4099] "A:/Desktop/CSCI311 Project/MIPS/MIPS.srcs/sources_1/new/ALUoperations.v" Line 2. Module FullAdder doesn't have a timescale but at least one module in design has a timescale.
WARNING: [XSIM 43-4099] "A:/Desktop/CSCI311 Project/MIPS/MIPS.srcs/sources_1/new/ALUoperations.v" Line 2. Module FullAdder doesn't have a timescale but at least one module in design has a timescale.
WARNING: [XSIM 43-4099] "A:/Desktop/CSCI311 Project/MIPS/MIPS.srcs/sources_1/new/ALUoperations.v" Line 2. Module FullAdder doesn't have a timescale but at least one module in design has a timescale.
WARNING: [XSIM 43-4099] "A:/Desktop/CSCI311 Project/MIPS/MIPS.srcs/sources_1/new/ALUoperations.v" Line 2. Module FullAdder doesn't have a timescale but at least one module in design has a timescale.
WARNING: [XSIM 43-4099] "A:/Desktop/CSCI311 Project/MIPS/MIPS.srcs/sources_1/new/ALUoperations.v" Line 2. Module FullAdder doesn't have a timescale but at least one module in design has a timescale.
WARNING: [XSIM 43-4099] "A:/Desktop/CSCI311 Project/MIPS/MIPS.srcs/sources_1/new/ALUoperations.v" Line 2. Module FullAdder doesn't have a timescale but at least one module in design has a timescale.
WARNING: [XSIM 43-4099] "A:/Desktop/CSCI311 Project/MIPS/MIPS.srcs/sources_1/new/ALUoperations.v" Line 2. Module FullAdder doesn't have a timescale but at least one module in design has a timescale.
WARNING: [XSIM 43-4099] "A:/Desktop/CSCI311 Project/MIPS/MIPS.srcs/sources_1/new/ALUoperations.v" Line 2. Module FullAdder doesn't have a timescale but at least one module in design has a timescale.
WARNING: [XSIM 43-4099] "A:/Desktop/CSCI311 Project/MIPS/MIPS.srcs/sources_1/new/ALUoperations.v" Line 2. Module FullAdder doesn't have a timescale but at least one module in design has a timescale.
WARNING: [XSIM 43-4099] "A:/Desktop/CSCI311 Project/MIPS/MIPS.srcs/sources_1/new/ALUoperations.v" Line 2. Module FullAdder doesn't have a timescale but at least one module in design has a timescale.
WARNING: [XSIM 43-4099] "A:/Desktop/CSCI311 Project/MIPS/MIPS.srcs/sources_1/new/ALUoperations.v" Line 2. Module FullAdder doesn't have a timescale but at least one module in design has a timescale.
WARNING: [XSIM 43-4099] "A:/Desktop/CSCI311 Project/MIPS/MIPS.srcs/sources_1/new/ALUoperations.v" Line 2. Module FullAdder doesn't have a timescale but at least one module in design has a timescale.
WARNING: [XSIM 43-4099] "A:/Desktop/CSCI311 Project/MIPS/MIPS.srcs/sources_1/new/ALUoperations.v" Line 32. Module subtraction_default doesn't have a timescale but at least one module in design has a timescale.
WARNING: [XSIM 43-4099] "A:/Desktop/CSCI311 Project/MIPS/MIPS.srcs/sources_1/new/ALUoperations.v" Line 26. Module FullSubtractor doesn't have a timescale but at least one module in design has a timescale.
WARNING: [XSIM 43-4099] "A:/Desktop/CSCI311 Project/MIPS/MIPS.srcs/sources_1/new/ALUoperations.v" Line 26. Module FullSubtractor doesn't have a timescale but at least one module in design has a timescale.
WARNING: [XSIM 43-4099] "A:/Desktop/CSCI311 Project/MIPS/MIPS.srcs/sources_1/new/ALUoperations.v" Line 26. Module FullSubtractor doesn't have a timescale but at least one module in design has a timescale.
WARNING: [XSIM 43-4099] "A:/Desktop/CSCI311 Project/MIPS/MIPS.srcs/sources_1/new/ALUoperations.v" Line 26. Module FullSubtractor doesn't have a timescale but at least one module in design has a timescale.
WARNING: [XSIM 43-4099] "A:/Desktop/CSCI311 Project/MIPS/MIPS.srcs/sources_1/new/ALUoperations.v" Line 26. Module FullSubtractor doesn't have a timescale but at least one module in design has a timescale.
WARNING: [XSIM 43-4099] "A:/Desktop/CSCI311 Project/MIPS/MIPS.srcs/sources_1/new/ALUoperations.v" Line 26. Module FullSubtractor doesn't have a timescale but at least one module in design has a timescale.
WARNING: [XSIM 43-4099] "A:/Desktop/CSCI311 Project/MIPS/MIPS.srcs/sources_1/new/ALUoperations.v" Line 26. Module FullSubtractor doesn't have a timescale but at least one module in design has a timescale.
WARNING: [XSIM 43-4099] "A:/Desktop/CSCI311 Project/MIPS/MIPS.srcs/sources_1/new/ALUoperations.v" Line 26. Module FullSubtractor doesn't have a timescale but at least one module in design has a timescale.
WARNING: [XSIM 43-4099] "A:/Desktop/CSCI311 Project/MIPS/MIPS.srcs/sources_1/new/ALUoperations.v" Line 26. Module FullSubtractor doesn't have a timescale but at least one module in design has a timescale.
WARNING: [XSIM 43-4099] "A:/Desktop/CSCI311 Project/MIPS/MIPS.srcs/sources_1/new/ALUoperations.v" Line 26. Module FullSubtractor doesn't have a timescale but at least one module in design has a timescale.
WARNING: [XSIM 43-4099] "A:/Desktop/CSCI311 Project/MIPS/MIPS.srcs/sources_1/new/ALUoperations.v" Line 26. Module FullSubtractor doesn't have a timescale but at least one module in design has a timescale.
WARNING: [XSIM 43-4099] "A:/Desktop/CSCI311 Project/MIPS/MIPS.srcs/sources_1/new/ALUoperations.v" Line 26. Module FullSubtractor doesn't have a timescale but at least one module in design has a timescale.
WARNING: [XSIM 43-4099] "A:/Desktop/CSCI311 Project/MIPS/MIPS.srcs/sources_1/new/ALUoperations.v" Line 26. Module FullSubtractor doesn't have a timescale but at least one module in design has a timescale.
WARNING: [XSIM 43-4099] "A:/Desktop/CSCI311 Project/MIPS/MIPS.srcs/sources_1/new/ALUoperations.v" Line 26. Module FullSubtractor doesn't have a timescale but at least one module in design has a timescale.
WARNING: [XSIM 43-4099] "A:/Desktop/CSCI311 Project/MIPS/MIPS.srcs/sources_1/new/ALUoperations.v" Line 26. Module FullSubtractor doesn't have a timescale but at least one module in design has a timescale.
WARNING: [XSIM 43-4099] "A:/Desktop/CSCI311 Project/MIPS/MIPS.srcs/sources_1/new/ALUoperations.v" Line 26. Module FullSubtractor doesn't have a timescale but at least one module in design has a timescale.
WARNING: [XSIM 43-4099] "A:/Desktop/CSCI311 Project/MIPS/MIPS.srcs/sources_1/new/ALUoperations.v" Line 26. Module FullSubtractor doesn't have a timescale but at least one module in design has a timescale.
WARNING: [XSIM 43-4099] "A:/Desktop/CSCI311 Project/MIPS/MIPS.srcs/sources_1/new/ALUoperations.v" Line 26. Module FullSubtractor doesn't have a timescale but at least one module in design has a timescale.
WARNING: [XSIM 43-4099] "A:/Desktop/CSCI311 Project/MIPS/MIPS.srcs/sources_1/new/ALUoperations.v" Line 26. Module FullSubtractor doesn't have a timescale but at least one module in design has a timescale.
WARNING: [XSIM 43-4099] "A:/Desktop/CSCI311 Project/MIPS/MIPS.srcs/sources_1/new/ALUoperations.v" Line 26. Module FullSubtractor doesn't have a timescale but at least one module in design has a timescale.
WARNING: [XSIM 43-4099] "A:/Desktop/CSCI311 Project/MIPS/MIPS.srcs/sources_1/new/ALUoperations.v" Line 26. Module FullSubtractor doesn't have a timescale but at least one module in design has a timescale.
WARNING: [XSIM 43-4099] "A:/Desktop/CSCI311 Project/MIPS/MIPS.srcs/sources_1/new/ALUoperations.v" Line 26. Module FullSubtractor doesn't have a timescale but at least one module in design has a timescale.
WARNING: [XSIM 43-4099] "A:/Desktop/CSCI311 Project/MIPS/MIPS.srcs/sources_1/new/ALUoperations.v" Line 26. Module FullSubtractor doesn't have a timescale but at least one module in design has a timescale.
WARNING: [XSIM 43-4099] "A:/Desktop/CSCI311 Project/MIPS/MIPS.srcs/sources_1/new/ALUoperations.v" Line 26. Module FullSubtractor doesn't have a timescale but at least one module in design has a timescale.
WARNING: [XSIM 43-4099] "A:/Desktop/CSCI311 Project/MIPS/MIPS.srcs/sources_1/new/ALUoperations.v" Line 26. Module FullSubtractor doesn't have a timescale but at least one module in design has a timescale.
WARNING: [XSIM 43-4099] "A:/Desktop/CSCI311 Project/MIPS/MIPS.srcs/sources_1/new/ALUoperations.v" Line 26. Module FullSubtractor doesn't have a timescale but at least one module in design has a timescale.
WARNING: [XSIM 43-4099] "A:/Desktop/CSCI311 Project/MIPS/MIPS.srcs/sources_1/new/ALUoperations.v" Line 26. Module FullSubtractor doesn't have a timescale but at least one module in design has a timescale.
WARNING: [XSIM 43-4099] "A:/Desktop/CSCI311 Project/MIPS/MIPS.srcs/sources_1/new/ALUoperations.v" Line 26. Module FullSubtractor doesn't have a timescale but at least one module in design has a timescale.
WARNING: [XSIM 43-4099] "A:/Desktop/CSCI311 Project/MIPS/MIPS.srcs/sources_1/new/ALUoperations.v" Line 26. Module FullSubtractor doesn't have a timescale but at least one module in design has a timescale.
WARNING: [XSIM 43-4099] "A:/Desktop/CSCI311 Project/MIPS/MIPS.srcs/sources_1/new/ALUoperations.v" Line 26. Module FullSubtractor doesn't have a timescale but at least one module in design has a timescale.
WARNING: [XSIM 43-4099] "A:/Desktop/CSCI311 Project/MIPS/MIPS.srcs/sources_1/new/ALUoperations.v" Line 26. Module FullSubtractor doesn't have a timescale but at least one module in design has a timescale.
WARNING: [XSIM 43-4099] "A:/Desktop/CSCI311 Project/MIPS/MIPS.srcs/sources_1/new/ALUoperations.v" Line 26. Module FullSubtractor doesn't have a timescale but at least one module in design has a timescale.
Completed simulation data flow analysis
Time Resolution for simulation is 1ps
Compiling module xil_defaultlib.ProgramCounter
Compiling module xil_defaultlib.InstructionMemory
Compiling module xil_defaultlib.ControlDecoder
Compiling module xil_defaultlib.ALUDecoder
Compiling module xil_defaultlib.Control
Compiling module xil_defaultlib.MUX
Compiling module xil_defaultlib.RegisterFile
Compiling module xil_defaultlib.signextend
Compiling module xil_defaultlib.MUX(DATA_WIDTH=31)
Compiling module xil_defaultlib.anding
Compiling module xil_defaultlib.oring
Compiling module xil_defaultlib.FullAdder
Compiling module xil_defaultlib.addition_default
Compiling module xil_defaultlib.FullSubtractor
Compiling module xil_defaultlib.subtraction_default
Compiling module xil_defaultlib.ALU
Compiling module xil_defaultlib.DataMemory
Compiling module xil_defaultlib.MIPS
Compiling module xil_defaultlib.glbl
Built simulation snapshot MIPS_behav
