Unable to capture context for thread 15108 in process 6792, can not generate back trace
Unable to capture context for thread 8336 in process 6792, can not generate back trace
Exception at PC 0x00007FF897404FD9
Unable to capture context for thread 7844 in process 6792, can not generate back trace
Unable to capture context for thread 5500 in process 6792, can not generate back trace
Unable to capture context for thread 8692 in process 6792, can not generate back trace
Exception at PC 0x00007FF897404FD9
Unable to capture context for thread 7844 in process 6792, can not generate back trace
Unable to capture context for thread 5500 in process 6792, can not generate back trace
Unable to capture context for thread 8692 in process 6792, can not generate back trace
Exception at PC 0x00007FF80309BB93
Printing stacktrace...

Exception at PC 0x00007FF897404FD9
Exception at PC 0x00007FF897404FD9
Exception at PC 0x00007FF897404FD9
Exception at PC 0x00007FF897404FD9
Exception at PC 0x00007FF897404FD9
Exception at PC 0x00007FF897404FD9
Exception at PC 0x00007FF897404FD9
Exception at PC 0x00007FF897404FD9
Exception at PC 0x00007FF897404FD9
Exception at PC 0x00007FF897404FD9
Exception at PC 0x00007FF897404FD9
Exception at PC 0x00007FF897404FD9
Exception at PC 0x00007FF897404FD9
Exception at PC 0x00007FF897404FD9
Exception at PC 0x00007FF897404FD9
Exception at PC 0x00007FF897404FD9
[0]  [0x00007FF80309BB93]
[1]  [0x00007FF80309BB93]
[2]  [0x00007FF80309B4A1]
[3]  [0x00007FF80309B3EF]
[4]  [0x00007FF8030819FE]
[5]  [0x00007FF803080ED1]
[6]  [0x00007FF803080D76]
[7]  [0x00007FF8030279F6]
[8]  [0x00007FF803017AFB]
[9]  [0x00007FF80313E90A]
[10]  [0x00007FF803159F87]
[11]  [0x00007FF80315A05F]
[12] (BaseThreadInitThunk+0x14) [0x00007FF898397034]
[13] (RtlUserThreadStart+0x21) [0x00007FF899AE2651]
Done
